2022-11-13 13:49:39,659 [INFO] Activator:177 - 


2022-11-13 13:49:39,661 [INFO] Activator:178 - !SESSION log4j initialized
2022-11-13 13:50:04,393 [ERROR] LogOutputStream:74 - [STDERR_REDIRECT] SLF4J: Failed to load class "org.slf4j.impl.StaticLoggerBinder".
2022-11-13 13:50:04,395 [ERROR] LogOutputStream:74 - [STDERR_REDIRECT] SLF4J: Defaulting to no-operation (NOP) logger implementation
2022-11-13 13:50:04,397 [ERROR] LogOutputStream:74 - [STDERR_REDIRECT] SLF4J: See http://www.slf4j.org/codes.html#StaticLoggerBinder for further details.
2022-11-13 13:52:22,251 [INFO] McuFinderGlobals:44 - Set McuFinder mode to 2 (CubeIDE integrated)
2022-11-13 13:52:27,003 [INFO] ApplicationProperties:181 - Using Application install path: C:\ST\STM32CubeIDE_1.10.1\STM32CubeIDE\plugins\com.st.stm32cube.common.mx_6.6.1.202207061420
2022-11-13 13:52:27,036 [INFO] DbMcusXml:77 - Set database path to: C:\ST\STM32CubeIDE_1.10.1\STM32CubeIDE\plugins\com.st.stm32cube.common.mx_6.6.1.202207061420\\db\/mcu/
2022-11-13 13:52:27,037 [INFO] ApiDb:269 - Set plugin database path to: C:\ST\STM32CubeIDE_1.10.1\STM32CubeIDE\plugins\com.st.stm32cube.common.mx_6.6.1.202207061420\\db\/plugins/boardmanager/
2022-11-13 13:52:27,041 [WARN] ApiDb:254 - Overriding images path with different value:  => C:\ST\STM32CubeIDE_1.10.1\STM32CubeIDE\plugins\com.st.stm32cube.common.mx_6.6.1.202207061420\\db\/plugins/mcufinder/images/
2022-11-13 13:52:27,074 [INFO] ApiDb:249 - Set database path to: C:\Users\dani\.stmcufinder\plugins\mcufinder//mcu/
2022-11-13 13:52:27,078 [INFO] DbMcusAds:124 - Set database path to: C:\Users\dani\.stmcufinder\plugins\mcufinder//mcu/
2022-11-13 13:52:27,090 [INFO] CrossReferenceDbSqlite:201 - Set database path to: C:\Users\dani\.stmcufinder\plugins\mcufinder//mcu/cs/
2022-11-13 13:52:27,264 [INFO] RulesReader:61 - Compatibility file has been processed (282 Rules)
2022-11-13 13:52:27,419 [INFO] DbMcusXml:77 - Set database path to: C:\ST\STM32CubeIDE_1.10.1\STM32CubeIDE\plugins\com.st.stm32cube.common.mx_6.6.1.202207061420\\db\/mcu/
2022-11-13 13:52:27,420 [INFO] ApiDb:269 - Set plugin database path to: C:\ST\STM32CubeIDE_1.10.1\STM32CubeIDE\plugins\com.st.stm32cube.common.mx_6.6.1.202207061420\\db\/plugins/boardmanager/
2022-11-13 13:52:27,421 [INFO] ApiDb:256 - Set plugin images path to: C:\ST\STM32CubeIDE_1.10.1\STM32CubeIDE\plugins\com.st.stm32cube.common.mx_6.6.1.202207061420\\db\/plugins/mcufinder/images/
2022-11-13 13:52:27,421 [WARN] DbFile:40 - Overriding database path with different value: C:\Users\dani\.stmcufinder\plugins\mcufinder/ => C:\Users\dani\.stmcufinder\plugins\mcufinder
2022-11-13 13:52:27,422 [INFO] ApiDb:249 - Set database path to: C:\Users\dani\.stmcufinder\plugins\mcufinder//mcu/
2022-11-13 13:52:27,422 [WARN] DbFile:40 - Overriding database path with different value: C:\Users\dani\.stmcufinder\plugins\mcufinder/ => C:\Users\dani\.stmcufinder\plugins\mcufinder
2022-11-13 13:52:27,422 [INFO] DbMcusAds:124 - Set database path to: C:\Users\dani\.stmcufinder\plugins\mcufinder//mcu/
2022-11-13 13:52:27,424 [WARN] DbFile:40 - Overriding database path with different value: C:\Users\dani\.stmcufinder\plugins\mcufinder/ => C:\Users\dani\.stmcufinder\plugins\mcufinder
2022-11-13 13:52:27,424 [WARN] DbFile:40 - Overriding database path with different value: C:\Users\dani\.stmcufinder\plugins\mcufinder/ => C:\Users\dani\.stmcufinder\plugins\mcufinder
2022-11-13 13:52:27,425 [INFO] CrossReferenceDbSqlite:201 - Set database path to: C:\Users\dani\.stmcufinder\plugins\mcufinder//mcu/cs/
2022-11-13 13:52:27,588 [INFO] MainPanel:242 - HeapMemory: 378535936
2022-11-13 13:52:27,760 [INFO] DbMcusXml:77 - Set database path to: C:\ST\STM32CubeIDE_1.10.1\STM32CubeIDE\plugins\com.st.stm32cube.common.mx_6.6.1.202207061420\\db\/mcu/
2022-11-13 13:52:27,761 [INFO] ApiDb:269 - Set plugin database path to: C:\ST\STM32CubeIDE_1.10.1\STM32CubeIDE\plugins\com.st.stm32cube.common.mx_6.6.1.202207061420\\db\/plugins/boardmanager/
2022-11-13 13:52:27,761 [INFO] ApiDb:256 - Set plugin images path to: C:\ST\STM32CubeIDE_1.10.1\STM32CubeIDE\plugins\com.st.stm32cube.common.mx_6.6.1.202207061420\\db\/plugins/mcufinder/images/
2022-11-13 13:52:27,762 [WARN] DbFile:40 - Overriding database path with different value: C:\Users\dani\.stmcufinder\plugins\mcufinder/ => C:\Users\dani\.stmcufinder\plugins\mcufinder
2022-11-13 13:52:27,762 [INFO] ApiDb:249 - Set database path to: C:\Users\dani\.stmcufinder\plugins\mcufinder//mcu/
2022-11-13 13:52:27,763 [WARN] DbFile:40 - Overriding database path with different value: C:\Users\dani\.stmcufinder\plugins\mcufinder/ => C:\Users\dani\.stmcufinder\plugins\mcufinder
2022-11-13 13:52:27,763 [INFO] DbMcusAds:124 - Set database path to: C:\Users\dani\.stmcufinder\plugins\mcufinder//mcu/
2022-11-13 13:52:27,763 [WARN] DbFile:40 - Overriding database path with different value: C:\Users\dani\.stmcufinder\plugins\mcufinder/ => C:\Users\dani\.stmcufinder\plugins\mcufinder
2022-11-13 13:52:27,764 [WARN] DbFile:40 - Overriding database path with different value: C:\Users\dani\.stmcufinder\plugins\mcufinder/ => C:\Users\dani\.stmcufinder\plugins\mcufinder
2022-11-13 13:52:27,764 [INFO] CrossReferenceDbSqlite:201 - Set database path to: C:\Users\dani\.stmcufinder\plugins\mcufinder//mcu/cs/
2022-11-13 13:52:27,798 [INFO] ApplicationProperties:181 - Using Application install path: C:\ST\STM32CubeIDE_1.10.1\STM32CubeIDE\plugins\com.st.stm32cube.common.mx_6.6.1.202207061420
2022-11-13 13:52:27,801 [INFO] PluginManage:193 - Search for loadable plugins [exclusion list=, ]
2022-11-13 13:52:27,804 [INFO] PluginManage:307 - Check plugin analytics
2022-11-13 13:52:28,227 [INFO] AnalyticsPlugin:262 - Accepted Software Licenses: 
2022-11-13 13:52:28,229 [INFO] AnalyticsPlugin:264 - Accepted CMSIS Pack Licenses: 
2022-11-13 13:52:28,230 [INFO] AnalyticsPlugin:266 - Accepted Firmware Licenses: 
2022-11-13 13:52:28,246 [INFO] PluginManage:356 - Loaded plugin analytics (category:tool,tabindex:-1)
2022-11-13 13:52:28,247 [INFO] PluginManage:307 - Check plugin cadmodel
2022-11-13 13:52:28,255 [INFO] CADModel:65 - Init CAD model plugin
2022-11-13 13:52:28,256 [INFO] PluginManage:356 - Loaded plugin cadmodel (category:power,tabindex:5)
2022-11-13 13:52:28,257 [INFO] PluginManage:307 - Check plugin clock
2022-11-13 13:52:28,293 [INFO] PluginManage:356 - Loaded plugin clock (category:base,tabindex:2)
2022-11-13 13:52:28,293 [INFO] PluginManage:307 - Check plugin ddr
2022-11-13 13:52:28,299 [INFO] PluginManage:356 - Loaded plugin ddr (category:tool,tabindex:6)
2022-11-13 13:52:28,299 [INFO] PluginManage:307 - Check plugin filemanager
2022-11-13 13:52:28,533 [INFO] PluginManage:356 - Loaded plugin filemanager (category:base,tabindex:10)
2022-11-13 13:52:28,534 [INFO] PluginManage:307 - Check plugin ipmanager
2022-11-13 13:52:28,547 [INFO] PluginManage:356 - Loaded plugin ipmanager (category:base,tabindex:5)
2022-11-13 13:52:28,547 [INFO] PluginManage:307 - Check plugin lpbam
2022-11-13 13:52:28,561 [INFO] PluginManage:356 - Loaded plugin lpbam (category:base,tabindex:0)
2022-11-13 13:52:28,561 [INFO] PluginManage:307 - Check plugin pinoutandconfiguration
2022-11-13 13:52:28,576 [INFO] PluginManage:356 - Loaded plugin pinoutandconfiguration (category:base,tabindex:1)
2022-11-13 13:52:28,577 [INFO] PluginManage:307 - Check plugin pinoutconfig
2022-11-13 13:52:28,626 [INFO] PluginManage:356 - Loaded plugin pinoutconfig (category:base,tabindex:0)
2022-11-13 13:52:28,627 [INFO] PluginManage:307 - Check plugin power
2022-11-13 13:52:28,645 [INFO] PluginManage:356 - Loaded plugin power (category:power,tabindex:4)
2022-11-13 13:52:28,645 [INFO] PluginManage:307 - Check plugin projectmanager
2022-11-13 13:52:28,672 [INFO] PluginManage:356 - Loaded plugin projectmanager (category:projectmanager,tabindex:3)
2022-11-13 13:52:28,673 [INFO] PluginManage:307 - Check plugin thirdparty
2022-11-13 13:52:28,918 [WARN] IntegrityCheckThread:82 - waiting for thirdparty lock release [integrity check]
2022-11-13 13:52:28,918 [INFO] PluginManage:356 - Loaded plugin thirdparty (category:base,tabindex:-1)
2022-11-13 13:52:28,919 [INFO] IntegrityCheckThread:84 - entering critical section [integrity check]
2022-11-13 13:52:28,920 [INFO] PluginManage:307 - Check plugin tools
2022-11-13 13:52:28,925 [INFO] ThirdPartyUpdaterWithRetryManager:70 - Updater plugin not ready yet. [1/15]
2022-11-13 13:52:28,927 [INFO] PluginManage:356 - Loaded plugin tools (category:base,tabindex:7)
2022-11-13 13:52:28,927 [INFO] PluginManage:307 - Check plugin tutovideos
2022-11-13 13:52:29,302 [INFO] PluginManage:356 - Loaded plugin tutovideos (category:base,tabindex:-1)
2022-11-13 13:52:29,303 [INFO] PluginManage:307 - Check plugin updater
2022-11-13 13:52:29,340 [INFO] PluginManage:356 - Loaded plugin updater (category:base,tabindex:12)
2022-11-13 13:52:29,342 [INFO] PluginManage:280 - PluginManage : Loaded plugins [15]
2022-11-13 13:52:29,779 [INFO] PinOutPanel:1468 - setPackage(No Configuration,No Configuration)
2022-11-13 13:52:29,890 [INFO] CADModel:98 - CPN selected for project level
2022-11-13 13:52:29,921 [INFO] IPUIPlugin:79 - create IPUIPlugin
2022-11-13 13:52:29,921 [INFO] PluginManager:217 - loadIPPluginJar : add adc
2022-11-13 13:52:29,928 [INFO] IPUIPlugin:79 - create IPUIPlugin
2022-11-13 13:52:29,928 [INFO] PluginManager:217 - loadIPPluginJar : add aes
2022-11-13 13:52:29,933 [INFO] IPUIPlugin:79 - create IPUIPlugin
2022-11-13 13:52:29,934 [INFO] PluginManager:217 - loadIPPluginJar : add can
2022-11-13 13:52:29,936 [INFO] IPUIPlugin:79 - create IPUIPlugin
2022-11-13 13:52:29,937 [INFO] PluginManager:217 - loadIPPluginJar : add comp
2022-11-13 13:52:29,943 [INFO] IPUIPlugin:79 - create IPUIPlugin
2022-11-13 13:52:29,943 [INFO] PluginManager:217 - loadIPPluginJar : add cryp
2022-11-13 13:52:29,948 [INFO] IPUIPlugin:79 - create IPUIPlugin
2022-11-13 13:52:29,948 [INFO] PluginManager:217 - loadIPPluginJar : add dfsdm
2022-11-13 13:52:29,956 [INFO] IPUIPlugin:79 - create IPUIPlugin
2022-11-13 13:52:29,957 [INFO] PluginManager:217 - loadIPPluginJar : add dma
2022-11-13 13:52:29,962 [INFO] IPUIPlugin:79 - create IPUIPlugin
2022-11-13 13:52:29,962 [INFO] PluginManager:217 - loadIPPluginJar : add dma3
2022-11-13 13:52:29,965 [INFO] IPUIPlugin:79 - create IPUIPlugin
2022-11-13 13:52:29,965 [INFO] PluginManager:217 - loadIPPluginJar : add fatfs
2022-11-13 13:52:29,973 [INFO] IPUIPlugin:79 - create IPUIPlugin
2022-11-13 13:52:29,973 [INFO] PluginManager:217 - loadIPPluginJar : add fmc
2022-11-13 13:52:29,983 [INFO] IPUIPlugin:79 - create IPUIPlugin
2022-11-13 13:52:29,983 [INFO] PluginManager:217 - loadIPPluginJar : add freertos
2022-11-13 13:52:29,986 [INFO] IPUIPlugin:79 - create IPUIPlugin
2022-11-13 13:52:29,986 [INFO] PluginManager:217 - loadIPPluginJar : add genericplugin
2022-11-13 13:52:29,990 [INFO] IPUIPlugin:79 - create IPUIPlugin
2022-11-13 13:52:29,991 [INFO] PluginManager:217 - loadIPPluginJar : add gfxmmu
2022-11-13 13:52:29,998 [INFO] IPUIPlugin:79 - create IPUIPlugin
2022-11-13 13:52:29,999 [INFO] PluginManager:217 - loadIPPluginJar : add gic
2022-11-13 13:52:30,007 [INFO] IPUIPlugin:79 - create IPUIPlugin
2022-11-13 13:52:30,008 [INFO] PluginManager:217 - loadIPPluginJar : add gpio
2022-11-13 13:52:30,014 [INFO] IPUIPlugin:79 - create IPUIPlugin
2022-11-13 13:52:30,014 [INFO] PluginManager:217 - loadIPPluginJar : add gtzc
2022-11-13 13:52:30,019 [INFO] IPUIPlugin:79 - create IPUIPlugin
2022-11-13 13:52:30,019 [INFO] PluginManager:217 - loadIPPluginJar : add hash
2022-11-13 13:52:30,023 [INFO] IPUIPlugin:79 - create IPUIPlugin
2022-11-13 13:52:30,023 [INFO] PluginManager:217 - loadIPPluginJar : add i2c
2022-11-13 13:52:30,029 [INFO] IPUIPlugin:79 - create IPUIPlugin
2022-11-13 13:52:30,029 [INFO] PluginManager:217 - loadIPPluginJar : add i2s
2022-11-13 13:52:30,035 [INFO] IPUIPlugin:79 - create IPUIPlugin
2022-11-13 13:52:30,035 [INFO] PluginManager:217 - loadIPPluginJar : add ipddr
2022-11-13 13:52:30,046 [INFO] IPUIPlugin:79 - create IPUIPlugin
2022-11-13 13:52:30,046 [INFO] PluginManager:217 - loadIPPluginJar : add linkedlist
2022-11-13 13:52:30,050 [INFO] IPUIPlugin:79 - create IPUIPlugin
2022-11-13 13:52:30,050 [INFO] PluginManager:217 - loadIPPluginJar : add lorawan
2022-11-13 13:52:30,053 [INFO] IPUIPlugin:79 - create IPUIPlugin
2022-11-13 13:52:30,053 [INFO] PluginManager:217 - loadIPPluginJar : add ltdc
2022-11-13 13:52:30,079 [INFO] IPUIPlugin:79 - create IPUIPlugin
2022-11-13 13:52:30,080 [INFO] PluginManager:217 - loadIPPluginJar : add mdma
2022-11-13 13:52:30,086 [INFO] IPUIPlugin:79 - create IPUIPlugin
2022-11-13 13:52:30,086 [INFO] PluginManager:217 - loadIPPluginJar : add nvic
2022-11-13 13:52:30,092 [INFO] IPUIPlugin:79 - create IPUIPlugin
2022-11-13 13:52:30,092 [INFO] PluginManager:217 - loadIPPluginJar : add opamp
2022-11-13 13:52:30,098 [INFO] IPUIPlugin:79 - create IPUIPlugin
2022-11-13 13:52:30,098 [INFO] PluginManager:217 - loadIPPluginJar : add openamp
2022-11-13 13:52:30,104 [INFO] IPUIPlugin:79 - create IPUIPlugin
2022-11-13 13:52:30,104 [INFO] PluginManager:217 - loadIPPluginJar : add pdm2pcm
2022-11-13 13:52:30,115 [INFO] IPUIPlugin:79 - create IPUIPlugin
2022-11-13 13:52:30,119 [INFO] PluginManager:217 - loadIPPluginJar : add plateformsettings
2022-11-13 13:52:30,122 [INFO] IPUIPlugin:79 - create IPUIPlugin
2022-11-13 13:52:30,123 [INFO] PluginManager:217 - loadIPPluginJar : add quadspi
2022-11-13 13:52:30,130 [INFO] IPUIPlugin:79 - create IPUIPlugin
2022-11-13 13:52:30,130 [INFO] PluginManager:217 - loadIPPluginJar : add resmgrutility
2022-11-13 13:52:30,136 [INFO] IPUIPlugin:79 - create IPUIPlugin
2022-11-13 13:52:30,136 [INFO] PluginManager:217 - loadIPPluginJar : add sai
2022-11-13 13:52:30,141 [INFO] IPUIPlugin:79 - create IPUIPlugin
2022-11-13 13:52:30,141 [INFO] PluginManager:217 - loadIPPluginJar : add spi
2022-11-13 13:52:30,148 [INFO] IPUIPlugin:79 - create IPUIPlugin
2022-11-13 13:52:30,148 [INFO] PluginManager:217 - loadIPPluginJar : add stm32_wpan
2022-11-13 13:52:30,152 [INFO] IPUIPlugin:79 - create IPUIPlugin
2022-11-13 13:52:30,152 [INFO] PluginManager:217 - loadIPPluginJar : add tim
2022-11-13 13:52:30,158 [INFO] IPUIPlugin:79 - create IPUIPlugin
2022-11-13 13:52:30,158 [INFO] PluginManager:217 - loadIPPluginJar : add touchsensing
2022-11-13 13:52:30,162 [INFO] IPUIPlugin:79 - create IPUIPlugin
2022-11-13 13:52:30,162 [INFO] PluginManager:217 - loadIPPluginJar : add tracer_emb
2022-11-13 13:52:30,166 [INFO] IPUIPlugin:79 - create IPUIPlugin
2022-11-13 13:52:30,166 [INFO] PluginManager:217 - loadIPPluginJar : add ts
2022-11-13 13:52:30,169 [INFO] IPUIPlugin:79 - create IPUIPlugin
2022-11-13 13:52:30,170 [INFO] PluginManager:217 - loadIPPluginJar : add tsc
2022-11-13 13:52:30,173 [INFO] IPUIPlugin:79 - create IPUIPlugin
2022-11-13 13:52:30,174 [INFO] PluginManager:217 - loadIPPluginJar : add ucpd
2022-11-13 13:52:30,178 [INFO] IPUIPlugin:79 - create IPUIPlugin
2022-11-13 13:52:30,179 [INFO] PluginManager:217 - loadIPPluginJar : add usart
2022-11-13 13:52:30,184 [INFO] IPUIPlugin:79 - create IPUIPlugin
2022-11-13 13:52:30,185 [INFO] PluginManager:217 - loadIPPluginJar : add usbx
2022-11-13 13:52:30,657 [FATAL] Updater:301 - Updater called before beeing initialized
2022-11-13 13:52:30,860 [FATAL] Updater:301 - Updater called before beeing initialized
2022-11-13 13:52:30,872 [INFO] DbMcusAds:52 - JSON generation date=Thu Sep 30 02:56:37 EDT 2021 (1632984997303)
2022-11-13 13:52:30,873 [FATAL] Updater:301 - Updater called before beeing initialized
2022-11-13 13:52:31,000 [WARN] DetailPanel:344 - Failed to get advertising image, set to default
2022-11-13 13:52:31,233 [FATAL] Updater:301 - Updater called before beeing initialized
2022-11-13 13:52:31,237 [FATAL] Updater:301 - Updater called before beeing initialized
2022-11-13 13:52:31,238 [FATAL] Updater:301 - Updater called before beeing initialized
2022-11-13 13:52:31,238 [WARN] DetailPanel:344 - Failed to get advertising image, set to default
2022-11-13 13:52:31,239 [FATAL] Updater:301 - Updater called before beeing initialized
2022-11-13 13:52:31,338 [ERROR] Updater:1105 - MainUpdater not yet initialized. External WinMGr cannot be set.
2022-11-13 13:52:31,342 [INFO] Updater:1041 - Updater Version found : 6.6.1
2022-11-13 13:52:31,370 [INFO] ApplicationProperties:181 - Using Application install path: C:\ST\STM32CubeIDE_1.10.1\STM32CubeIDE\plugins\com.st.stm32cube.common.mx_6.6.1.202207061420
2022-11-13 13:52:31,938 [INFO] ThirdPartyUpdaterWithRetryManager:70 - Updater plugin not ready yet. [2/15]
2022-11-13 13:52:32,014 [INFO] MainUpdater:2768 - connection check result : 10
2022-11-13 13:52:32,015 [INFO] MainUpdater:3453 - Updater definition file requires update
2022-11-13 13:52:32,017 [INFO] MainUpdater:280 - Updater Check For Update Now.
2022-11-13 13:52:32,017 [INFO] MicroXplorer:481 - Change Database Version : DB.6.0.60
2022-11-13 13:52:32,105 [INFO] ServerAccessManage:474 - Download File updaters.zip
2022-11-13 13:52:32,178 [INFO] FileExtend:239 - Unzip File : updaters.zip
2022-11-13 13:52:32,178 [INFO] FileExtend:254 - Standard Zip Deflate
2022-11-13 13:52:32,704 [INFO] ServerAccessManage:474 - Download File PacksControlFlags.xml
2022-11-13 13:52:32,801 [INFO] ServerAccessManage:474 - Download File cubemx.pidx
2022-11-13 13:52:33,631 [INFO] ServerAccessManage:474 - Download File STMicroelectronics.X-CUBE-NFC4.pdsc
2022-11-13 13:52:34,453 [WARN] PackLoader:242 - Cannot read IP mode file for STMicroelectronics.X-CUBE-NFC4.2.0.5
2022-11-13 13:52:34,461 [INFO] PopulateThirdPartyThread:64 - Ending populate Thread
2022-11-13 13:52:34,464 [INFO] ThirdParty:981 - CMSIS Pack Vendor :STMicroelectronics X-CUBE-NFC4 2.0.5
2022-11-13 13:52:34,464 [INFO] LoadServerUpdatesThread:367 - End of LoadServerUpdate Thread
2022-11-13 13:52:34,555 [INFO] CheckServerUpdateThread:119 - End of CheckServer Thread
2022-11-13 13:52:34,705 [INFO] MainUpdater:2768 - connection check result : 10
2022-11-13 13:52:34,711 [INFO] MainUpdater:2768 - connection check result : 10
2022-11-13 13:52:34,820 [INFO] MicroXplorer:451 - Change Database Path : 
2022-11-13 13:52:34,821 [INFO] MicroXplorer:481 - Change Database Version : DB.6.0.60
2022-11-13 13:52:34,821 [WARN] ThirdParty:827 - waiting for thirdparty lock release [close project]
2022-11-13 13:52:35,222 [WARN] PackLoader:242 - Cannot read IP mode file for STMicroelectronics.X-CUBE-GNSS1.6.0.0
2022-11-13 13:52:35,280 [WARN] PackLoader:242 - Cannot read IP mode file for STMicroelectronics.X-CUBE-AZRTOS-F4.1.1.0
2022-11-13 13:52:35,311 [WARN] PackLoader:242 - Cannot read IP mode file for STMicroelectronics.X-CUBE-BLEMGR.1.2.0
2022-11-13 13:52:35,353 [WARN] PackLoader:242 - Cannot read IP mode file for STMicroelectronics.X-CUBE-AZRTOS-F7.1.1.0
2022-11-13 13:52:35,371 [WARN] PackLoader:242 - Cannot read IP mode file for STMicroelectronics.X-CUBE-BLE1.6.2.3
2022-11-13 13:52:35,381 [WARN] PackLoader:242 - Cannot read IP mode file for STMicroelectronics.X-CUBE-NFC4.2.0.5
2022-11-13 13:52:35,393 [WARN] PackLoader:242 - Cannot read IP mode file for STMicroelectronics.X-CUBE-NFC4.2.0.4
2022-11-13 13:52:35,404 [WARN] PackLoader:242 - Cannot read IP mode file for wolfSSL.I-CUBE-wolfSSL.5.5.1
2022-11-13 13:52:35,416 [WARN] PackLoader:242 - Cannot read IP mode file for STMicroelectronics.X-CUBE-NFC7.1.0.0
2022-11-13 13:52:35,487 [WARN] PackLoader:242 - Cannot read IP mode file for STMicroelectronics.X-CUBE-MEMS1.9.3.0
2022-11-13 13:52:35,747 [WARN] PackLoader:242 - Cannot read IP mode file for STMicroelectronics.X-CUBE-SFXS2LP1.4.0.0
2022-11-13 13:52:35,770 [WARN] PackLoader:242 - Cannot read IP mode file for STMicroelectronics.X-CUBE-BLE2.3.3.0
2022-11-13 13:52:35,783 [WARN] PackLoader:242 - Cannot read IP mode file for STMicroelectronics.X-CUBE-DISPLAY.2.2.0
2022-11-13 13:52:35,801 [WARN] PackLoader:242 - Cannot read IP mode file for STMicroelectronics.X-CUBE-TOF1.3.2.0
2022-11-13 13:52:35,817 [WARN] PackLoader:242 - Cannot read IP mode file for STMicroelectronics.X-CUBE-ISPU.1.0.0
2022-11-13 13:52:35,823 [WARN] PackLoader:242 - Cannot read IP mode file for STMicroelectronics.X-CUBE-ISPU.1.1.0
2022-11-13 13:52:35,837 [WARN] PackLoader:242 - Cannot read IP mode file for RoweBots.I-CUBE-UNISONRTOS.5.5.0-4
2022-11-13 13:52:35,863 [WARN] PackLoader:242 - Cannot read IP mode file for STMicroelectronics.X-CUBE-AZRTOS-H7.2.1.0
2022-11-13 13:52:35,874 [WARN] PackLoader:242 - Cannot read IP mode file for STMicroelectronics.X-CUBE-AI.7.3.0
2022-11-13 13:52:35,882 [WARN] PackLoader:242 - Cannot read IP mode file for STMicroelectronics.X-CUBE-ALGOBUILD.1.3.0
2022-11-13 13:52:35,907 [WARN] PackLoader:242 - Cannot read IP mode file for STMicroelectronics.X-CUBE-AZRTOS-G0.1.1.0
2022-11-13 13:52:35,927 [WARN] PackLoader:242 - Cannot read IP mode file for STMicroelectronics.X-CUBE-SUBG2.5.0.0
2022-11-13 13:52:35,994 [WARN] PackLoader:242 - Cannot read IP mode file for SEGGER.I-CUBE-embOS.1.2.1
2022-11-13 13:52:36,105 [WARN] PackLoader:242 - Cannot read IP mode file for STMicroelectronics.FP-ATR-ASTRA1.1.1.1
2022-11-13 13:52:36,127 [WARN] PackLoader:242 - Cannot read IP mode file for STMicroelectronics.X-CUBE-AZRTOS-G4.1.0.0
2022-11-13 13:52:36,140 [WARN] PackLoader:242 - Cannot read IP mode file for STMicroelectronics.FP-ATR-SIGFOX1.3.2.0
2022-11-13 13:52:36,176 [WARN] PackLoader:242 - Cannot read IP mode file for STMicroelectronics.X-CUBE-AZRTOS-L4.1.0.0
2022-11-13 13:52:36,191 [WARN] PackLoader:242 - Cannot read IP mode file for emotas.I-CUBE-CANOPEN.1.1.2
2022-11-13 13:52:36,198 [WARN] PackLoader:242 - Cannot read IP mode file for STMicroelectronics.X-CUBE-TOUCHGFX.4.20.0
2022-11-13 13:52:36,216 [WARN] PackLoader:242 - Cannot read IP mode file for STMicroelectronics.X-CUBE-AZRTOS-WL.1.0.0
2022-11-13 13:52:36,225 [WARN] PackLoader:242 - Cannot read IP mode file for portGmbH.I-Cube-SoM-uGOAL.1.1.0
2022-11-13 13:52:36,233 [WARN] PackLoader:242 - Cannot read IP mode file for STMicroelectronics.X-CUBE-ALS.1.0.1
2022-11-13 13:52:36,259 [WARN] PackLoader:242 - Cannot read IP mode file for STMicroelectronics.X-CUBE-AZRTOS-L5.1.0.0
2022-11-13 13:52:36,275 [WARN] PackLoader:242 - Cannot read IP mode file for STMicroelectronics.X-CUBE-EEPRMA1.3.1.1
2022-11-13 13:52:36,278 [INFO] ThirdParty:929 - Integrity check success = true
2022-11-13 13:52:36,278 [INFO] IntegrityCheckThread:98 - exiting critical section [integrity check]
2022-11-13 13:52:36,278 [INFO] IntegrityCheckThread:101 - End integrity checks thread
2022-11-13 13:52:36,278 [INFO] ThirdParty:829 - entering critical section [close project]
2022-11-13 13:52:36,283 [INFO] ThirdParty:839 - exiting critical section [close project]
2022-11-13 13:52:36,296 [INFO] PinOutPanel:1468 - setPackage(No Configuration,No Configuration)
2022-11-13 13:52:36,306 [INFO] UtilMem:74 - Begin LoadConfig() Used Memory: 470544856 Bytes (685768704)
2022-11-13 13:52:36,309 [INFO] MicroXplorer:451 - Change Database Path : 
2022-11-13 13:52:36,309 [INFO] MicroXplorer:481 - Change Database Version : DB.6.0.60
2022-11-13 13:52:36,310 [INFO] OpenFileManager:307 - Change cursor
2022-11-13 13:52:36,371 [INFO] Mcu:1922 - Initializing MCU STM32F401R(D-E)Tx STM32F401RETx STM32F401RET6
2022-11-13 13:52:38,206 [INFO] Context:654 - Trying to add GPIOservice into a context  which must be forbidden
2022-11-13 13:52:38,874 [WARN] ApiManager:308 - Cannot register API 'Board Extension:GNSS1A1' from pack STMicroelectronics.X-CUBE-GNSS1.6.0.0: no header file found
2022-11-13 13:52:38,875 [WARN] ApiManager:308 - Cannot register API 'Board Support:Custom' from pack STMicroelectronics.X-CUBE-GNSS1.6.0.0: no header file found
2022-11-13 13:52:38,875 [WARN] ApiManager:308 - Cannot register API 'Data Exchange:lib_gnss' from pack STMicroelectronics.X-CUBE-GNSS1.6.0.0: no header file found
2022-11-13 13:52:38,897 [WARN] ApiManager:308 - Cannot register API 'Wireless:BlueNRG-MS' from pack STMicroelectronics.X-CUBE-BLE1.6.2.3: no header file found
2022-11-13 13:52:38,901 [INFO] RtosManager:488 - Registered RTOS mode: class=CMSIS, group=RTOS, mode=CMSIS_V1, owner=FREERTOS
2022-11-13 13:52:38,901 [INFO] RtosManager:488 - Registered RTOS mode: class=CMSIS, group=RTOS2, mode=CMSIS_V2, owner=FREERTOS
2022-11-13 13:52:38,902 [INFO] RtosManager:488 - Registered RTOS mode: class=RTOS, group=Core, mode=CMSIS_V1, owner=FREERTOS
2022-11-13 13:52:38,902 [INFO] RtosManager:488 - Registered RTOS mode: class=RTOS, group=Core, mode=CMSIS_V2, owner=FREERTOS
2022-11-13 13:52:38,902 [WARN] ModelIntegratedComponent:185 - Missing modes for component STMicroelectronics:FreeRTOS:0.0.1:STMicroelectronics:RTOS:FreeRTOS:Core:::10.2.0:
2022-11-13 13:52:38,910 [WARN] ApiManager:308 - Cannot register API 'Board Extension:S2868A1' from pack STMicroelectronics.X-CUBE-SUBG2.5.0.0: no header file found
2022-11-13 13:52:38,910 [WARN] ApiManager:308 - Cannot register API 'Board Extension:S2868A2' from pack STMicroelectronics.X-CUBE-SUBG2.5.0.0: no header file found
2022-11-13 13:52:38,910 [WARN] ApiManager:308 - Cannot register API 'Board Extension:S2915A1' from pack STMicroelectronics.X-CUBE-SUBG2.5.0.0: no header file found
2022-11-13 13:52:38,925 [WARN] ApiManager:308 - Cannot register API 'Board Extension:NFC04A1' from pack STMicroelectronics.X-CUBE-NFC4.2.0.5: no header file found
2022-11-13 13:52:38,926 [WARN] ApiManager:308 - Cannot register API 'Board Extension:NFC04A1' from pack STMicroelectronics.X-CUBE-NFC4.2.0.4: no header file found
2022-11-13 13:52:38,937 [WARN] ModelIntegratedComponent:64 - No mode defined for component null
2022-11-13 13:52:38,937 [WARN] ModelIntegratedComponent:64 - No mode defined for component null
2022-11-13 13:52:38,938 [WARN] ModelIntegratedComponent:64 - No mode defined for component null
2022-11-13 13:52:38,938 [WARN] ModelIntegratedComponent:64 - No mode defined for component null
2022-11-13 13:52:38,938 [WARN] ModelIntegratedComponent:64 - No mode defined for component null
2022-11-13 13:52:38,939 [WARN] ModelIntegratedComponent:64 - No mode defined for component null
2022-11-13 13:52:38,939 [WARN] ModelIntegratedComponent:64 - No mode defined for component null
2022-11-13 13:52:38,939 [WARN] ModelIntegratedComponent:64 - No mode defined for component null
2022-11-13 13:52:38,940 [WARN] ModelIntegratedComponent:64 - No mode defined for component null
2022-11-13 13:52:38,940 [WARN] ModelIntegratedComponent:64 - No mode defined for component null
2022-11-13 13:52:38,940 [WARN] ModelIntegratedComponent:64 - No mode defined for component null
2022-11-13 13:52:38,941 [WARN] ModelIntegratedComponent:64 - No mode defined for component null
2022-11-13 13:52:38,941 [WARN] ModelIntegratedComponent:64 - No mode defined for component null
2022-11-13 13:52:38,941 [WARN] ModelIntegratedComponent:64 - No mode defined for component null
2022-11-13 13:52:38,942 [WARN] ModelIntegratedComponent:64 - No mode defined for component null
2022-11-13 13:52:38,942 [WARN] ModelIntegratedComponent:64 - No mode defined for component null
2022-11-13 13:52:38,943 [WARN] ModelIntegratedComponent:64 - No mode defined for component null
2022-11-13 13:52:38,943 [WARN] ModelIntegratedComponent:64 - No mode defined for component null
2022-11-13 13:52:38,943 [WARN] ModelIntegratedComponent:64 - No mode defined for component null
2022-11-13 13:52:38,943 [WARN] ModelIntegratedComponent:64 - No mode defined for component null
2022-11-13 13:52:38,944 [WARN] ModelIntegratedComponent:64 - No mode defined for component null
2022-11-13 13:52:38,944 [WARN] ModelIntegratedComponent:64 - No mode defined for component null
2022-11-13 13:52:38,944 [WARN] ModelIntegratedComponent:64 - No mode defined for component null
2022-11-13 13:52:38,944 [WARN] ModelIntegratedComponent:64 - No mode defined for component null
2022-11-13 13:52:38,945 [WARN] ModelIntegratedComponent:64 - No mode defined for component null
2022-11-13 13:52:38,945 [WARN] ModelIntegratedComponent:64 - No mode defined for component null
2022-11-13 13:52:38,945 [WARN] ModelIntegratedComponent:64 - No mode defined for component null
2022-11-13 13:52:38,945 [WARN] ModelIntegratedComponent:64 - No mode defined for component null
2022-11-13 13:52:38,946 [WARN] ModelIntegratedComponent:64 - No mode defined for component null
2022-11-13 13:52:38,946 [WARN] ModelIntegratedComponent:64 - No mode defined for component null
2022-11-13 13:52:38,946 [WARN] ModelIntegratedComponent:64 - No mode defined for component null
2022-11-13 13:52:38,946 [WARN] ModelIntegratedComponent:64 - No mode defined for component null
2022-11-13 13:52:38,947 [WARN] ModelIntegratedComponent:64 - No mode defined for component null
2022-11-13 13:52:38,950 [WARN] ApiManager:308 - Cannot register API 'Board Extension:NFC07A1' from pack STMicroelectronics.X-CUBE-NFC7.1.0.0: no header file found
2022-11-13 13:52:39,094 [WARN] ApiManager:308 - Cannot register API 'Board Extension:IKS01A3' from pack STMicroelectronics.X-CUBE-MEMS1.9.3.0: no header file found
2022-11-13 13:52:39,095 [WARN] ApiManager:308 - Cannot register API 'Board Extension:IKS01A2' from pack STMicroelectronics.X-CUBE-MEMS1.9.3.0: no header file found
2022-11-13 13:52:39,095 [WARN] ApiManager:308 - Cannot register API 'Board Extension:IKS02A1' from pack STMicroelectronics.X-CUBE-MEMS1.9.3.0: no header file found
2022-11-13 13:52:39,113 [WARN] ApiManager:308 - Cannot register API 'Board Extension:EEPRMA1' from pack STMicroelectronics.X-CUBE-EEPRMA1.3.1.1: no header file found
2022-11-13 13:52:39,113 [WARN] ApiManager:308 - Cannot register API 'Board Extension:EEPRMA2' from pack STMicroelectronics.X-CUBE-EEPRMA1.3.1.1: no header file found
2022-11-13 13:52:39,114 [WARN] ApiManager:308 - Cannot register API 'Board Extension:S2868A1' from pack STMicroelectronics.X-CUBE-SFXS2LP1.4.0.0: no header file found
2022-11-13 13:52:39,115 [WARN] ApiManager:308 - Cannot register API 'Board Extension:S2868A2' from pack STMicroelectronics.X-CUBE-SFXS2LP1.4.0.0: no header file found
2022-11-13 13:52:39,115 [WARN] ApiManager:308 - Cannot register API 'Board Extension:S2915A1' from pack STMicroelectronics.X-CUBE-SFXS2LP1.4.0.0: no header file found
2022-11-13 13:52:39,116 [WARN] ApiManager:308 - Cannot register API 'Wireless:BlueNRG-2' from pack STMicroelectronics.X-CUBE-BLE2.3.3.0: no header file found
2022-11-13 13:52:39,138 [INFO] ThirdPartyModel:289 - Start build external matchings
2022-11-13 13:52:39,342 [INFO] ThirdPartyModel:302 - End build external matchings
2022-11-13 13:52:39,379 [INFO] ImportTextPane:193 - (OptionalMessage_ERROR) IP (RCC) : Parameter (RTCHSEDivFreq_Value) has invalid value (4000000)
2022-11-13 13:52:39,821 [INFO] UtilMem:74 - End LoadConfig() Used Memory: 400156560 Bytes (685768704)
2022-11-13 13:52:39,969 [INFO] ApiDb:576 - Connected to CubeFinder SQLite database (C:\Users\dani\.stmcufinder\plugins\mcufinder\mcu\cube-finder-db.db)
2022-11-13 13:52:40,031 [INFO] ApiDb:663 - CubeFinder database Data Model version=2.1
2022-11-13 13:52:40,033 [INFO] ApiDb:664 - CubeFinder database Configuration version=3.0.32
2022-11-13 13:52:40,033 [INFO] ApiDb:665 - CubeFinder database generation date=2022-08-05 (1659688109)
2022-11-13 13:52:40,033 [INFO] ApiDb:666 - CubeFinder database FW Pack versions=[STM32Cube_FW_C0_V1.0.0, STM32Cube_FW_F4_V1.27.1, STM32Cube_FW_F7_V1.17.0, STM32Cube_FW_G0_V1.6.1, STM32Cube_FW_G4_V1.5.0, STM32Cube_FW_H7_V1.10.0, STM32Cube_FW_L5_V1.4.0, STM32Cube_FW_U5_V1.1.1, STM32Cube_FW_WB_V1.14.1, STM32Cube_FW_WL_V1.2.0, X-CUBE-ALGOBUILD_V1.3.0, X-CUBE-ALS_V1.0.1, X-CUBE-AZRTOS-F4_V1.1.0, X-CUBE-AZRTOS-F7_V1.1.0, X-CUBE-AZRTOS-G0_V1.1.0, X-CUBE-AZRTOS-G4_V1.0.0, X-CUBE-AZRTOS-H7_V2.1.0, X-CUBE-AZRTOS-L4_V1.0.0, X-CUBE-AZRTOS-L5_V1.0.0, X-CUBE-AZRTOS-WL_V1.0.0, X-CUBE-BLE1_V6.2.3, X-CUBE-BLE2_V3.3.0, X-CUBE-EEPRMA1_V3.1.1, X-CUBE-GNSS1_V6.0.0, X-CUBE-MEMS1_V9.1.0, X-CUBE-MEMS1_V9.3.0, X-CUBE-NFC4_V2.0.4, X-CUBE-NFC7_V1.0.0, X-CUBE-SFXS2LP1_V4.0.0, X-CUBE-SUBG2_V5.0.0]
2022-11-13 13:52:43,719 [INFO] ApiDb:239 - Found 138 in-development CPN: [B-WB1M-WPAN1, NUCLEO-C031C6, STEVAL-STWINBX1, STM320518-EVAL, STM32C0116-DK, STM32C011D6Y3TR, STM32C011D6Y6TR, STM32C011F4P3, STM32C011F4P6, STM32C011F4U3, STM32C011F4U6TR, STM32C011F6P3, STM32C011F6P6, STM32C011F6U3, STM32C011F6U6TR, STM32C011J4M3, STM32C011J4M6, STM32C011J6M3, STM32C011J6M6, STM32C0316-DK, STM32C031C4T3, STM32C031C4T6, STM32C031C4U3, STM32C031C4U6, STM32C031C6T3, STM32C031C6T6, STM32C031C6U3, STM32C031C6U6, STM32C031F4P3, STM32C031F4P6, STM32C031F6P3, STM32C031F6P6, STM32C031G4U3, STM32C031G4U6, STM32C031G6U3, STM32C031G6U6, STM32C031K4T3, STM32C031K4T6, STM32C031K4U3, STM32C031K4U6, STM32C031K6T3, STM32C031K6T6, STM32C031K6U3, STM32C031K6U6, STM32G071K8TXN, STM32G071K8UXN, STM32G081GBU6N, STM32G081KBT6N, STM32G081KBUXN, STM32G0B1CCT6N, STM32G0B1KCT6, STM32G0B1NEY6TR, STM32G0B1RCT6N, STM32G0C1CCT6, STM32G0C1CCT6N, STM32G0C1CCU6N, STM32G0C1CET6N, STM32G0C1CEU6N, STM32G0C1KCT6, STM32G0C1NEY6TR, STM32G0C1RCI6N, STM32G0C1RCT6N, STM32G0C1REI6N, STM32G0C1RET6N, STM32G0C1VCI6, STM32G0C1VEI6, STM32G471CCT6, STM32G471CCU6, STM32G471CET3, STM32G471CET6, STM32G471CEU3, STM32G471CEU6, STM32G471MCT6, STM32G471MET3, STM32G471MET6, STM32G471MEY6TR, STM32G471QCT6, STM32G471QET3, STM32G471RCT6, STM32G471RET3, STM32G471RET6, STM32G471VCH6, STM32G471VCI6, STM32G471VCT6, STM32G471VEH3, STM32G471VEH6, STM32G471VEI3, STM32G471VEI6, STM32G471VET3, STM32G471VET6, STM32G474CCT6, STM32L476VGY6PTR, STM32L4R5QGI6STR, STM32MP131AAE3, STM32MP131AAF3, STM32MP131AAG3, STM32MP131CAE3, STM32MP131CAF3, STM32MP131CAG3, STM32MP131DAE7, STM32MP131DAF7, STM32MP131DAG7, STM32MP131FAE7, STM32MP131FAF7, STM32MP131FAG7, STM32MP133AAE3, STM32MP133AAF3, STM32MP133AAG3, STM32MP133CAE3, STM32MP133CAF3, STM32MP133CAG3, STM32MP133DAE7, STM32MP133DAF7, STM32MP133DAG7, STM32MP133FAE7, STM32MP133FAF7, STM32MP133FAG7, STM32MP135AAE3, STM32MP135AAF3, STM32MP135AAG3, STM32MP135CAE3, STM32MP135CAF3, STM32MP135CAG3, STM32MP135DAE7, STM32MP135DAF7, STM32MP135DAG7, STM32MP135F-DK, STM32MP135FAE7, STM32MP135FAF7, STM32MP135FAG7, STM32U595ZJT6Q, STM32U599BJY6QTR, STM32U599NIH6Q, STM32U599NJH6Q, STM32U5A5ZJT6Q, STM32U5A9BJY6QTR, STM32U5A9NJH6Q, STM32WB1MMCH6]
2022-11-13 13:52:43,727 [INFO] DbMcus:215 - Found 3542 MCUs, 3542 are supported
2022-11-13 13:52:43,731 [INFO] ApiDb:418 - Load user favorites file C:\Users\dani/.stm32cubeide/favorites.mcus.txt: 0 item(s)
2022-11-13 13:52:43,732 [INFO] ApiDb:422 - User favorites MCUs=[]
2022-11-13 13:52:43,732 [INFO] DbMcus:221 - Set 0 / 0 favorites MCUs
2022-11-13 13:52:43,761 [WARN] ThirdParty:789 - waiting for thirdparty lock release [change project]
2022-11-13 13:52:43,761 [INFO] ThirdParty:791 - entering critical section [change project]
2022-11-13 13:52:43,762 [INFO] ThirdParty:981 - CMSIS Pack Vendor :STMicroelectronics X-CUBE-ISPU 1.1.0
2022-11-13 13:52:43,762 [INFO] ThirdParty:981 - CMSIS Pack Vendor :RoweBots I-CUBE-UNISONRTOS 5.5.0-4
2022-11-13 13:52:43,762 [INFO] ThirdParty:981 - CMSIS Pack Vendor :STMicroelectronics X-CUBE-GNSS1 6.0.0
2022-11-13 13:52:43,762 [INFO] ThirdParty:981 - CMSIS Pack Vendor :STMicroelectronics X-CUBE-AZRTOS-H7 2.1.0
2022-11-13 13:52:43,762 [INFO] ThirdParty:981 - CMSIS Pack Vendor :STMicroelectronics USB_HOST 2.0.0
2022-11-13 13:52:43,762 [INFO] ThirdParty:981 - CMSIS Pack Vendor :STMicroelectronics X-CUBE-AZRTOS-F4 1.1.0
2022-11-13 13:52:43,762 [INFO] ThirdParty:981 - CMSIS Pack Vendor :STMicroelectronics LIBJPEG 8.0.0
2022-11-13 13:52:43,762 [INFO] ThirdParty:981 - CMSIS Pack Vendor :STMicroelectronics USB_DEVICE 3.0.0
2022-11-13 13:52:43,763 [INFO] ThirdParty:981 - CMSIS Pack Vendor :STMicroelectronics X-CUBE-BLEMGR 1.2.0
2022-11-13 13:52:43,763 [INFO] ThirdParty:981 - CMSIS Pack Vendor :STMicroelectronics X-CUBE-AZRTOS-F7 1.1.0
2022-11-13 13:52:43,763 [INFO] ThirdParty:981 - CMSIS Pack Vendor :STMicroelectronics USB_DEVICE 2.0.0
2022-11-13 13:52:43,763 [INFO] ThirdParty:981 - CMSIS Pack Vendor :STMicroelectronics X-CUBE-AI 7.3.0
2022-11-13 13:52:43,763 [INFO] ThirdParty:981 - CMSIS Pack Vendor :STMicroelectronics X-CUBE-BLE1 6.2.3
2022-11-13 13:52:43,763 [INFO] ThirdParty:981 - CMSIS Pack Vendor :STMicroelectronics X-CUBE-ALGOBUILD 1.3.0
2022-11-13 13:52:43,763 [INFO] ThirdParty:981 - CMSIS Pack Vendor :STMicroelectronics FreeRTOS 0.0.1
2022-11-13 13:52:43,763 [INFO] ThirdParty:981 - CMSIS Pack Vendor :STMicroelectronics X-CUBE-AZRTOS-G0 1.1.0
2022-11-13 13:52:43,763 [INFO] ThirdParty:981 - CMSIS Pack Vendor :STMicroelectronics X-CUBE-SUBG2 5.0.0
2022-11-13 13:52:43,764 [INFO] ThirdParty:981 - CMSIS Pack Vendor :STMicroelectronics STM32_WPAN 1.0.0
2022-11-13 13:52:43,764 [INFO] ThirdParty:981 - CMSIS Pack Vendor :SEGGER I-CUBE-embOS 1.2.1
2022-11-13 13:52:43,764 [INFO] ThirdParty:981 - CMSIS Pack Vendor :STMicroelectronics lwIP 2.0.3
2022-11-13 13:52:43,764 [INFO] ThirdParty:981 - CMSIS Pack Vendor :STMicroelectronics X-CUBE-NFC4 2.0.5
2022-11-13 13:52:43,764 [INFO] ThirdParty:981 - CMSIS Pack Vendor :STMicroelectronics X-CUBE-NFC4 2.0.4
2022-11-13 13:52:43,764 [INFO] ThirdParty:981 - CMSIS Pack Vendor :STMicroelectronics USB_HOST 1.0.0
2022-11-13 13:52:43,764 [INFO] ThirdParty:981 - CMSIS Pack Vendor :STMicroelectronics PDM2PCM 3.1.0
2022-11-13 13:52:43,765 [INFO] ThirdParty:981 - CMSIS Pack Vendor :STMicroelectronics FP-ATR-ASTRA1 1.1.1
2022-11-13 13:52:43,765 [INFO] ThirdParty:981 - CMSIS Pack Vendor :STMicroelectronics PDM2PCM 3.3.0
2022-11-13 13:52:43,765 [INFO] ThirdParty:981 - CMSIS Pack Vendor :STMicroelectronics X-CUBE-AZRTOS-G4 1.0.0
2022-11-13 13:52:43,765 [INFO] ThirdParty:981 - CMSIS Pack Vendor :STMicroelectronics FP-ATR-SIGFOX1 3.2.0
2022-11-13 13:52:43,765 [INFO] ThirdParty:981 - CMSIS Pack Vendor :STMicroelectronics X-CUBE-AZRTOS-L4 1.0.0
2022-11-13 13:52:43,765 [INFO] ThirdParty:981 - CMSIS Pack Vendor :wolfSSL I-CUBE-wolfSSL 5.5.1
2022-11-13 13:52:43,765 [INFO] ThirdParty:981 - CMSIS Pack Vendor :STMicroelectronics HAL Drivers 0.0.0
2022-11-13 13:52:43,765 [INFO] ThirdParty:981 - CMSIS Pack Vendor :STMicroelectronics MBEDTLS 2.16.2
2022-11-13 13:52:43,765 [INFO] ThirdParty:981 - CMSIS Pack Vendor :emotas I-CUBE-CANOPEN 1.1.2
2022-11-13 13:52:43,765 [INFO] ThirdParty:981 - CMSIS Pack Vendor :STMicroelectronics X-CUBE-TOUCHGFX 4.20.0
2022-11-13 13:52:43,766 [INFO] ThirdParty:981 - CMSIS Pack Vendor :STMicroelectronics MBEDTLS 2.14.1
2022-11-13 13:52:43,766 [INFO] ThirdParty:981 - CMSIS Pack Vendor :STMicroelectronics X-CUBE-NFC7 1.0.0
2022-11-13 13:52:43,766 [INFO] ThirdParty:981 - CMSIS Pack Vendor :STMicroelectronics X-CUBE-AZRTOS-WL 1.0.0
2022-11-13 13:52:43,766 [INFO] ThirdParty:981 - CMSIS Pack Vendor :STMicroelectronics X-CUBE-MEMS1 9.3.0
2022-11-13 13:52:43,766 [INFO] ThirdParty:981 - CMSIS Pack Vendor :portGmbH I-Cube-SoM-uGOAL 1.1.0
2022-11-13 13:52:43,766 [INFO] ThirdParty:981 - CMSIS Pack Vendor :STMicroelectronics X-CUBE-ALS 1.0.1
2022-11-13 13:52:43,766 [INFO] ThirdParty:981 - CMSIS Pack Vendor :STMicroelectronics ThreadX 1.0.0
2022-11-13 13:52:43,766 [INFO] ThirdParty:981 - CMSIS Pack Vendor :STMicroelectronics X-CUBE-AZRTOS-L5 1.0.0
2022-11-13 13:52:43,767 [INFO] ThirdParty:981 - CMSIS Pack Vendor :STMicroelectronics USB_DEVICE 1.0.0
2022-11-13 13:52:43,767 [INFO] ThirdParty:981 - CMSIS Pack Vendor :STMicroelectronics X-CUBE-EEPRMA1 3.1.1
2022-11-13 13:52:43,767 [INFO] ThirdParty:981 - CMSIS Pack Vendor :STMicroelectronics ThreadX 0.0.2
2022-11-13 13:52:43,767 [INFO] ThirdParty:981 - CMSIS Pack Vendor :STMicroelectronics lwIP 2.1.2
2022-11-13 13:52:43,767 [INFO] ThirdParty:981 - CMSIS Pack Vendor :STMicroelectronics X-CUBE-SFXS2LP1 4.0.0
2022-11-13 13:52:43,767 [INFO] ThirdParty:981 - CMSIS Pack Vendor :STMicroelectronics X-CUBE-BLE2 3.3.0
2022-11-13 13:52:43,767 [INFO] ThirdParty:981 - CMSIS Pack Vendor :STMicroelectronics X-CUBE-DISPLAY 2.2.0
2022-11-13 13:52:43,767 [INFO] ThirdParty:981 - CMSIS Pack Vendor :STMicroelectronics X-CUBE-TOF1 3.2.0
2022-11-13 13:52:43,767 [INFO] ThirdParty:981 - CMSIS Pack Vendor :STMicroelectronics PDM2PCM 3.2.0
2022-11-13 13:52:43,767 [INFO] ThirdParty:981 - CMSIS Pack Vendor :STMicroelectronics X-CUBE-ISPU 1.0.0
2022-11-13 13:52:43,768 [INFO] ThirdParty:797 - exiting critical section [change project]
2022-11-13 13:52:44,405 [INFO] PinOutPanel:1468 - setPackage(No Configuration,No Configuration)
2022-11-13 13:52:44,408 [INFO] PinOutPanel:1468 - setPackage(STM32F401RETx,LQFP64)
2022-11-13 13:52:45,442 [INFO] UtilMem:74 - Before build in PCC Used Memory: 474240512 Bytes (685768704)
2022-11-13 13:52:46,698 [INFO] UtilMem:74 - After build in PCC Used Memory: 464051960 Bytes (685768704)
2022-11-13 13:52:46,744 [INFO] IPUIPlugin:79 - create IPUIPlugin
2022-11-13 13:52:46,744 [INFO] IPUIPlugin:79 - create IPUIPlugin
2022-11-13 13:52:46,744 [INFO] IPUIPlugin:79 - create IPUIPlugin
2022-11-13 13:52:46,745 [INFO] IPUIPlugin:79 - create IPUIPlugin
2022-11-13 13:52:46,745 [INFO] IPUIPlugin:79 - create IPUIPlugin
2022-11-13 13:52:46,745 [INFO] IPUIPlugin:79 - create IPUIPlugin
2022-11-13 13:52:46,745 [INFO] IPUIPlugin:79 - create IPUIPlugin
2022-11-13 13:52:46,746 [INFO] IPUIPlugin:79 - create IPUIPlugin
2022-11-13 13:52:46,746 [INFO] IPUIPlugin:79 - create IPUIPlugin
2022-11-13 13:52:46,746 [INFO] IPUIPlugin:79 - create IPUIPlugin
2022-11-13 13:52:46,746 [INFO] IPUIPlugin:79 - create IPUIPlugin
2022-11-13 13:52:46,747 [INFO] IPUIPlugin:79 - create IPUIPlugin
2022-11-13 13:52:46,747 [INFO] IPUIPlugin:79 - create IPUIPlugin
2022-11-13 13:52:46,747 [INFO] IPUIPlugin:79 - create IPUIPlugin
2022-11-13 13:52:46,748 [INFO] IPUIPlugin:79 - create IPUIPlugin
2022-11-13 13:52:46,748 [INFO] IPUIPlugin:79 - create IPUIPlugin
2022-11-13 13:52:46,750 [INFO] IPUIPlugin:79 - create IPUIPlugin
2022-11-13 13:52:46,751 [INFO] IPUIPlugin:79 - create IPUIPlugin
2022-11-13 13:52:46,751 [INFO] IPUIPlugin:79 - create IPUIPlugin
2022-11-13 13:52:46,752 [INFO] IPUIPlugin:79 - create IPUIPlugin
2022-11-13 13:52:46,752 [INFO] IPUIPlugin:79 - create IPUIPlugin
2022-11-13 13:52:46,752 [INFO] IPUIPlugin:79 - create IPUIPlugin
2022-11-13 13:52:46,753 [INFO] IPUIPlugin:79 - create IPUIPlugin
2022-11-13 13:52:46,753 [INFO] IPUIPlugin:79 - create IPUIPlugin
2022-11-13 13:52:46,754 [INFO] IPUIPlugin:79 - create IPUIPlugin
2022-11-13 13:52:46,754 [INFO] IPUIPlugin:79 - create IPUIPlugin
2022-11-13 13:52:46,754 [INFO] IPUIPlugin:79 - create IPUIPlugin
2022-11-13 13:52:46,755 [INFO] IPUIPlugin:79 - create IPUIPlugin
2022-11-13 13:52:46,755 [INFO] IPUIPlugin:79 - create IPUIPlugin
2022-11-13 13:52:46,756 [INFO] IPUIPlugin:79 - create IPUIPlugin
2022-11-13 13:52:46,756 [INFO] IPUIPlugin:79 - create IPUIPlugin
2022-11-13 13:52:46,757 [INFO] IPUIPlugin:79 - create IPUIPlugin
2022-11-13 13:52:46,757 [INFO] IPUIPlugin:79 - create IPUIPlugin
2022-11-13 13:52:46,758 [INFO] IPUIPlugin:79 - create IPUIPlugin
2022-11-13 13:52:46,758 [INFO] IPUIPlugin:79 - create IPUIPlugin
2022-11-13 13:52:46,758 [INFO] IPUIPlugin:79 - create IPUIPlugin
2022-11-13 13:52:46,759 [INFO] IPUIPlugin:79 - create IPUIPlugin
2022-11-13 13:52:46,759 [INFO] IPUIPlugin:79 - create IPUIPlugin
2022-11-13 13:52:46,883 [INFO] ApiDbMcu:505 - Load IP Config File for PDM2PCM
2022-11-13 13:52:47,204 [INFO] OpenFileManager:327 - Restore cursor
2022-11-13 13:56:58,610 [INFO] UtilMem:74 - End SaveConfig() Used Memory: 431932072 Bytes (685768704)
2022-11-13 13:57:01,407 [INFO] UtilMem:74 - End SaveConfig() Used Memory: 448008824 Bytes (685768704)
2022-11-13 13:57:08,042 [INFO] UtilMem:74 - End SaveConfig() Used Memory: 561255032 Bytes (685768704)
2022-11-13 13:57:09,025 [INFO] BlockDiagram:2753 - set Specific Code input for plugin: NVIC
2022-11-13 13:57:09,025 [INFO] BlockDiagram:2753 - set Specific Code input for plugin: USART
2022-11-13 13:57:09,025 [INFO] BlockDiagram:2753 - set Specific Code input for plugin: TIM1_8
2022-11-13 13:57:09,026 [INFO] BlockDiagram:2753 - set Specific Code input for plugin: SYS
2022-11-13 13:57:09,026 [INFO] BlockDiagram:2753 - set Specific Code input for plugin: GPIO
2022-11-13 13:57:09,026 [INFO] BlockDiagram:2753 - set Specific Code input for plugin: RCC
2022-11-13 13:57:09,029 [INFO] CodeGenerator:690 - code generatio: config db path: C:\ST\STM32CubeIDE_1.10.1\STM32CubeIDE\plugins\com.st.stm32cube.common.mx_6.6.1.202207061420\\db\
2022-11-13 13:57:09,437 [INFO] CodeEngine:245 - oldGeneratedFile, C:\Users\dani\Coding\ECE198\ECE-198-ASPV\ECE198_ASVP\MXTmpFiles\license.tmp_save
2022-11-13 13:57:09,980 [INFO] CodeEngine:269 - Generated code: C:\Users\dani\Coding\ECE198\ECE-198-ASPV\ECE198_ASVP\MXTmpFiles\license.tmp
2022-11-13 13:57:10,087 [INFO] CodeEngine:245 - oldGeneratedFile, C:\Users\dani\Coding\ECE198\ECE-198-ASPV\ECE198_ASVP\MXTmpFiles\gpio.tmp_save
2022-11-13 13:57:10,328 [INFO] CodeEngine:269 - Generated code: C:\Users\dani\Coding\ECE198\ECE-198-ASPV\ECE198_ASVP\MXTmpFiles\gpio.tmp
2022-11-13 13:57:10,600 [INFO] CodeEngine:245 - oldGeneratedFile, C:\Users\dani\Coding\ECE198\ECE-198-ASPV\ECE198_ASVP\Core\Src\stm32f4xx_it.c_save
2022-11-13 13:57:10,824 [INFO] CodeEngine:269 - Generated code: C:\Users\dani\Coding\ECE198\ECE-198-ASPV\ECE198_ASVP\Core\Src\stm32f4xx_it.c
2022-11-13 13:57:10,874 [INFO] CodeEngine:245 - oldGeneratedFile, C:\Users\dani\Coding\ECE198\ECE-198-ASPV\ECE198_ASVP\Core\Inc\stm32f4xx_it.h_save
2022-11-13 13:57:11,029 [INFO] CodeEngine:269 - Generated code: C:\Users\dani\Coding\ECE198\ECE-198-ASPV\ECE198_ASVP\Core\Inc\stm32f4xx_it.h
2022-11-13 13:57:11,094 [INFO] CodeEngine:245 - oldGeneratedFile, C:\Users\dani\Coding\ECE198\ECE-198-ASPV\ECE198_ASVP\Core\Src\stm32f4xx_hal_msp.c_save
2022-11-13 13:57:11,311 [INFO] CodeEngine:269 - Generated code: C:\Users\dani\Coding\ECE198\ECE-198-ASPV\ECE198_ASVP\Core\Src\stm32f4xx_hal_msp.c
2022-11-13 13:57:11,358 [INFO] CodeEngine:245 - oldGeneratedFile, C:\Users\dani\Coding\ECE198\ECE-198-ASPV\ECE198_ASVP\MXTmpFiles\system.tmp_save
2022-11-13 13:57:11,471 [INFO] CodeEngine:269 - Generated code: C:\Users\dani\Coding\ECE198\ECE-198-ASPV\ECE198_ASVP\MXTmpFiles\system.tmp
2022-11-13 13:57:11,529 [INFO] CodeEngine:245 - oldGeneratedFile, C:\Users\dani\Coding\ECE198\ECE-198-ASPV\ECE198_ASVP\Core\Inc\stm32f4xx_hal_conf.h_save
2022-11-13 13:57:11,716 [INFO] CodeEngine:269 - Generated code: C:\Users\dani\Coding\ECE198\ECE-198-ASPV\ECE198_ASVP\Core\Inc\stm32f4xx_hal_conf.h
2022-11-13 13:57:11,773 [WARN] IPConfigManager:3348 - IP not found : TIM
2022-11-13 13:57:11,812 [WARN] CodeGenerator:3567 - IP not found : null
2022-11-13 13:57:11,825 [INFO] CodeEngine:245 - oldGeneratedFile, C:\Users\dani\Coding\ECE198\ECE-198-ASPV\ECE198_ASVP\Core\Inc\main.h_save
2022-11-13 13:57:11,943 [INFO] CodeEngine:269 - Generated code: C:\Users\dani\Coding\ECE198\ECE-198-ASPV\ECE198_ASVP\Core\Inc\main.h
2022-11-13 13:57:11,991 [INFO] CodeEngine:245 - oldGeneratedFile, C:\Users\dani\Coding\ECE198\ECE-198-ASPV\ECE198_ASVP\Core\Src\main.c_save
2022-11-13 13:57:12,302 [INFO] CodeEngine:269 - Generated code: C:\Users\dani\Coding\ECE198\ECE-198-ASPV\ECE198_ASVP\Core\Src\main.c
2022-11-13 13:57:13,582 [INFO] ProjectBuilder:2919 - Time for Copy HAL[1] : 455mS.
2022-11-13 13:57:13,603 [INFO] ProjectBuilder:4117 - Project Generator version: 3.17.1
2022-11-13 13:57:14,049 [INFO] ConfigFileManager:1394 - The Die is : DIE433
2022-11-13 13:57:14,099 [INFO] ApiDbMcu:505 - Load IP Config File for FATFS
2022-11-13 13:57:14,108 [INFO] ApiDbMcu:505 - Load IP Config File for FREERTOS
2022-11-13 13:57:14,113 [INFO] ApiDbMcu:505 - Load IP Config File for LIBJPEG
2022-11-13 13:57:14,122 [INFO] ApiDbMcu:505 - Load IP Config File for MBEDTLS
2022-11-13 13:57:14,134 [INFO] ApiDbMcu:505 - Load IP Config File for USB_DEVICE
2022-11-13 13:57:14,141 [INFO] ApiDbMcu:505 - Load IP Config File for USB_HOST
2022-11-13 13:57:15,562 [ERROR] root:60 - Project setup error checking project compliancy: ECE198_ASVP 
2022-11-13 13:57:15,709 [INFO] ProjectBuilder:4285 - Time for Generating toolchain IDE Files: 2105mS.
2022-11-13 13:57:15,710 [INFO] ProjectBuilder:2790 - Time for Copy CMSIS : 1mS.
2022-11-13 13:57:15,714 [INFO] ProjectBuilder:2790 - Time for Copy CMSIS : 0mS.
2022-11-20 15:19:18,249 [INFO] Activator:177 - 


2022-11-20 15:19:18,251 [INFO] Activator:178 - !SESSION log4j initialized
2022-11-20 15:20:35,852 [INFO] McuFinderGlobals:44 - Set McuFinder mode to 2 (CubeIDE integrated)
2022-11-20 15:20:36,304 [INFO] ApplicationProperties:181 - Using Application install path: C:\ST\STM32CubeIDE_1.10.1\STM32CubeIDE\plugins\com.st.stm32cube.common.mx_6.6.1.202207061420
2022-11-20 15:20:36,338 [INFO] DbMcusXml:77 - Set database path to: C:\ST\STM32CubeIDE_1.10.1\STM32CubeIDE\plugins\com.st.stm32cube.common.mx_6.6.1.202207061420\\db\/mcu/
2022-11-20 15:20:36,339 [INFO] ApiDb:269 - Set plugin database path to: C:\ST\STM32CubeIDE_1.10.1\STM32CubeIDE\plugins\com.st.stm32cube.common.mx_6.6.1.202207061420\\db\/plugins/boardmanager/
2022-11-20 15:20:36,343 [WARN] ApiDb:254 - Overriding images path with different value:  => C:\ST\STM32CubeIDE_1.10.1\STM32CubeIDE\plugins\com.st.stm32cube.common.mx_6.6.1.202207061420\\db\/plugins/mcufinder/images/
2022-11-20 15:20:36,375 [INFO] ApiDb:249 - Set database path to: C:\Users\dani\.stmcufinder\plugins\mcufinder//mcu/
2022-11-20 15:20:36,378 [INFO] DbMcusAds:124 - Set database path to: C:\Users\dani\.stmcufinder\plugins\mcufinder//mcu/
2022-11-20 15:20:36,395 [INFO] CrossReferenceDbSqlite:201 - Set database path to: C:\Users\dani\.stmcufinder\plugins\mcufinder//mcu/cs/
2022-11-20 15:20:36,588 [INFO] RulesReader:61 - Compatibility file has been processed (282 Rules)
2022-11-20 15:20:36,755 [INFO] DbMcusXml:77 - Set database path to: C:\ST\STM32CubeIDE_1.10.1\STM32CubeIDE\plugins\com.st.stm32cube.common.mx_6.6.1.202207061420\\db\/mcu/
2022-11-20 15:20:36,756 [INFO] ApiDb:269 - Set plugin database path to: C:\ST\STM32CubeIDE_1.10.1\STM32CubeIDE\plugins\com.st.stm32cube.common.mx_6.6.1.202207061420\\db\/plugins/boardmanager/
2022-11-20 15:20:36,757 [INFO] ApiDb:256 - Set plugin images path to: C:\ST\STM32CubeIDE_1.10.1\STM32CubeIDE\plugins\com.st.stm32cube.common.mx_6.6.1.202207061420\\db\/plugins/mcufinder/images/
2022-11-20 15:20:36,758 [WARN] DbFile:40 - Overriding database path with different value: C:\Users\dani\.stmcufinder\plugins\mcufinder/ => C:\Users\dani\.stmcufinder\plugins\mcufinder
2022-11-20 15:20:36,758 [INFO] ApiDb:249 - Set database path to: C:\Users\dani\.stmcufinder\plugins\mcufinder//mcu/
2022-11-20 15:20:36,758 [WARN] DbFile:40 - Overriding database path with different value: C:\Users\dani\.stmcufinder\plugins\mcufinder/ => C:\Users\dani\.stmcufinder\plugins\mcufinder
2022-11-20 15:20:36,759 [INFO] DbMcusAds:124 - Set database path to: C:\Users\dani\.stmcufinder\plugins\mcufinder//mcu/
2022-11-20 15:20:36,760 [WARN] DbFile:40 - Overriding database path with different value: C:\Users\dani\.stmcufinder\plugins\mcufinder/ => C:\Users\dani\.stmcufinder\plugins\mcufinder
2022-11-20 15:20:36,760 [WARN] DbFile:40 - Overriding database path with different value: C:\Users\dani\.stmcufinder\plugins\mcufinder/ => C:\Users\dani\.stmcufinder\plugins\mcufinder
2022-11-20 15:20:36,761 [INFO] CrossReferenceDbSqlite:201 - Set database path to: C:\Users\dani\.stmcufinder\plugins\mcufinder//mcu/cs/
2022-11-20 15:20:36,912 [INFO] MainPanel:242 - HeapMemory: 268435456
2022-11-20 15:20:37,097 [INFO] DbMcusXml:77 - Set database path to: C:\ST\STM32CubeIDE_1.10.1\STM32CubeIDE\plugins\com.st.stm32cube.common.mx_6.6.1.202207061420\\db\/mcu/
2022-11-20 15:20:37,098 [INFO] ApiDb:269 - Set plugin database path to: C:\ST\STM32CubeIDE_1.10.1\STM32CubeIDE\plugins\com.st.stm32cube.common.mx_6.6.1.202207061420\\db\/plugins/boardmanager/
2022-11-20 15:20:37,098 [INFO] ApiDb:256 - Set plugin images path to: C:\ST\STM32CubeIDE_1.10.1\STM32CubeIDE\plugins\com.st.stm32cube.common.mx_6.6.1.202207061420\\db\/plugins/mcufinder/images/
2022-11-20 15:20:37,099 [WARN] DbFile:40 - Overriding database path with different value: C:\Users\dani\.stmcufinder\plugins\mcufinder/ => C:\Users\dani\.stmcufinder\plugins\mcufinder
2022-11-20 15:20:37,099 [INFO] ApiDb:249 - Set database path to: C:\Users\dani\.stmcufinder\plugins\mcufinder//mcu/
2022-11-20 15:20:37,100 [WARN] DbFile:40 - Overriding database path with different value: C:\Users\dani\.stmcufinder\plugins\mcufinder/ => C:\Users\dani\.stmcufinder\plugins\mcufinder
2022-11-20 15:20:37,101 [INFO] DbMcusAds:124 - Set database path to: C:\Users\dani\.stmcufinder\plugins\mcufinder//mcu/
2022-11-20 15:20:37,101 [WARN] DbFile:40 - Overriding database path with different value: C:\Users\dani\.stmcufinder\plugins\mcufinder/ => C:\Users\dani\.stmcufinder\plugins\mcufinder
2022-11-20 15:20:37,102 [WARN] DbFile:40 - Overriding database path with different value: C:\Users\dani\.stmcufinder\plugins\mcufinder/ => C:\Users\dani\.stmcufinder\plugins\mcufinder
2022-11-20 15:20:37,102 [INFO] CrossReferenceDbSqlite:201 - Set database path to: C:\Users\dani\.stmcufinder\plugins\mcufinder//mcu/cs/
2022-11-20 15:20:37,137 [INFO] ApplicationProperties:181 - Using Application install path: C:\ST\STM32CubeIDE_1.10.1\STM32CubeIDE\plugins\com.st.stm32cube.common.mx_6.6.1.202207061420
2022-11-20 15:20:37,141 [INFO] PluginManage:193 - Search for loadable plugins [exclusion list=, ]
2022-11-20 15:20:37,144 [INFO] PluginManage:307 - Check plugin analytics
2022-11-20 15:20:37,550 [INFO] AnalyticsPlugin:262 - Accepted Software Licenses: 
2022-11-20 15:20:37,552 [INFO] AnalyticsPlugin:264 - Accepted CMSIS Pack Licenses: 
2022-11-20 15:20:37,552 [INFO] AnalyticsPlugin:266 - Accepted Firmware Licenses: 
2022-11-20 15:20:37,566 [INFO] PluginManage:356 - Loaded plugin analytics (category:tool,tabindex:-1)
2022-11-20 15:20:37,567 [INFO] PluginManage:307 - Check plugin cadmodel
2022-11-20 15:20:37,574 [INFO] CADModel:65 - Init CAD model plugin
2022-11-20 15:20:37,575 [INFO] PluginManage:356 - Loaded plugin cadmodel (category:power,tabindex:5)
2022-11-20 15:20:37,575 [INFO] PluginManage:307 - Check plugin clock
2022-11-20 15:20:37,594 [INFO] PluginManage:356 - Loaded plugin clock (category:base,tabindex:2)
2022-11-20 15:20:37,594 [INFO] PluginManage:307 - Check plugin ddr
2022-11-20 15:20:37,599 [INFO] PluginManage:356 - Loaded plugin ddr (category:tool,tabindex:6)
2022-11-20 15:20:37,600 [INFO] PluginManage:307 - Check plugin filemanager
2022-11-20 15:20:37,842 [INFO] PluginManage:356 - Loaded plugin filemanager (category:base,tabindex:10)
2022-11-20 15:20:37,842 [INFO] PluginManage:307 - Check plugin ipmanager
2022-11-20 15:20:37,860 [INFO] PluginManage:356 - Loaded plugin ipmanager (category:base,tabindex:5)
2022-11-20 15:20:37,860 [INFO] PluginManage:307 - Check plugin lpbam
2022-11-20 15:20:37,889 [INFO] PluginManage:356 - Loaded plugin lpbam (category:base,tabindex:0)
2022-11-20 15:20:37,890 [INFO] PluginManage:307 - Check plugin pinoutandconfiguration
2022-11-20 15:20:37,904 [INFO] PluginManage:356 - Loaded plugin pinoutandconfiguration (category:base,tabindex:1)
2022-11-20 15:20:37,904 [INFO] PluginManage:307 - Check plugin pinoutconfig
2022-11-20 15:20:37,958 [INFO] PluginManage:356 - Loaded plugin pinoutconfig (category:base,tabindex:0)
2022-11-20 15:20:37,959 [INFO] PluginManage:307 - Check plugin power
2022-11-20 15:20:37,984 [INFO] PluginManage:356 - Loaded plugin power (category:power,tabindex:4)
2022-11-20 15:20:37,984 [INFO] PluginManage:307 - Check plugin projectmanager
2022-11-20 15:20:38,011 [INFO] PluginManage:356 - Loaded plugin projectmanager (category:projectmanager,tabindex:3)
2022-11-20 15:20:38,011 [INFO] PluginManage:307 - Check plugin thirdparty
2022-11-20 15:20:38,232 [INFO] PluginManage:356 - Loaded plugin thirdparty (category:base,tabindex:-1)
2022-11-20 15:20:38,232 [WARN] IntegrityCheckThread:82 - waiting for thirdparty lock release [integrity check]
2022-11-20 15:20:38,234 [INFO] IntegrityCheckThread:84 - entering critical section [integrity check]
2022-11-20 15:20:38,232 [INFO] PluginManage:307 - Check plugin tools
2022-11-20 15:20:38,240 [INFO] ThirdPartyUpdaterWithRetryManager:70 - Updater plugin not ready yet. [1/15]
2022-11-20 15:20:38,241 [INFO] PluginManage:356 - Loaded plugin tools (category:base,tabindex:7)
2022-11-20 15:20:38,242 [INFO] PluginManage:307 - Check plugin tutovideos
2022-11-20 15:20:38,596 [INFO] PluginManage:356 - Loaded plugin tutovideos (category:base,tabindex:-1)
2022-11-20 15:20:38,597 [INFO] PluginManage:307 - Check plugin updater
2022-11-20 15:20:38,625 [INFO] PluginManage:356 - Loaded plugin updater (category:base,tabindex:12)
2022-11-20 15:20:38,626 [INFO] PluginManage:280 - PluginManage : Loaded plugins [15]
2022-11-20 15:20:39,030 [INFO] PinOutPanel:1468 - setPackage(No Configuration,No Configuration)
2022-11-20 15:20:39,134 [INFO] CADModel:98 - CPN selected for project level
2022-11-20 15:20:39,164 [INFO] IPUIPlugin:79 - create IPUIPlugin
2022-11-20 15:20:39,165 [INFO] PluginManager:217 - loadIPPluginJar : add adc
2022-11-20 15:20:39,171 [INFO] IPUIPlugin:79 - create IPUIPlugin
2022-11-20 15:20:39,171 [INFO] PluginManager:217 - loadIPPluginJar : add aes
2022-11-20 15:20:39,175 [INFO] IPUIPlugin:79 - create IPUIPlugin
2022-11-20 15:20:39,176 [INFO] PluginManager:217 - loadIPPluginJar : add can
2022-11-20 15:20:39,179 [INFO] IPUIPlugin:79 - create IPUIPlugin
2022-11-20 15:20:39,179 [INFO] PluginManager:217 - loadIPPluginJar : add comp
2022-11-20 15:20:39,184 [INFO] IPUIPlugin:79 - create IPUIPlugin
2022-11-20 15:20:39,184 [INFO] PluginManager:217 - loadIPPluginJar : add cryp
2022-11-20 15:20:39,189 [INFO] IPUIPlugin:79 - create IPUIPlugin
2022-11-20 15:20:39,189 [INFO] PluginManager:217 - loadIPPluginJar : add dfsdm
2022-11-20 15:20:39,198 [INFO] IPUIPlugin:79 - create IPUIPlugin
2022-11-20 15:20:39,199 [INFO] PluginManager:217 - loadIPPluginJar : add dma
2022-11-20 15:20:39,204 [INFO] IPUIPlugin:79 - create IPUIPlugin
2022-11-20 15:20:39,205 [INFO] PluginManager:217 - loadIPPluginJar : add dma3
2022-11-20 15:20:39,208 [INFO] IPUIPlugin:79 - create IPUIPlugin
2022-11-20 15:20:39,208 [INFO] PluginManager:217 - loadIPPluginJar : add fatfs
2022-11-20 15:20:39,215 [INFO] IPUIPlugin:79 - create IPUIPlugin
2022-11-20 15:20:39,216 [INFO] PluginManager:217 - loadIPPluginJar : add fmc
2022-11-20 15:20:39,225 [INFO] IPUIPlugin:79 - create IPUIPlugin
2022-11-20 15:20:39,226 [INFO] PluginManager:217 - loadIPPluginJar : add freertos
2022-11-20 15:20:39,229 [INFO] IPUIPlugin:79 - create IPUIPlugin
2022-11-20 15:20:39,229 [INFO] PluginManager:217 - loadIPPluginJar : add genericplugin
2022-11-20 15:20:39,234 [INFO] IPUIPlugin:79 - create IPUIPlugin
2022-11-20 15:20:39,234 [INFO] PluginManager:217 - loadIPPluginJar : add gfxmmu
2022-11-20 15:20:39,243 [INFO] IPUIPlugin:79 - create IPUIPlugin
2022-11-20 15:20:39,244 [INFO] PluginManager:217 - loadIPPluginJar : add gic
2022-11-20 15:20:39,251 [INFO] IPUIPlugin:79 - create IPUIPlugin
2022-11-20 15:20:39,251 [INFO] PluginManager:217 - loadIPPluginJar : add gpio
2022-11-20 15:20:39,258 [INFO] IPUIPlugin:79 - create IPUIPlugin
2022-11-20 15:20:39,258 [INFO] PluginManager:217 - loadIPPluginJar : add gtzc
2022-11-20 15:20:39,263 [INFO] IPUIPlugin:79 - create IPUIPlugin
2022-11-20 15:20:39,263 [INFO] PluginManager:217 - loadIPPluginJar : add hash
2022-11-20 15:20:39,268 [INFO] IPUIPlugin:79 - create IPUIPlugin
2022-11-20 15:20:39,269 [INFO] PluginManager:217 - loadIPPluginJar : add i2c
2022-11-20 15:20:39,274 [INFO] IPUIPlugin:79 - create IPUIPlugin
2022-11-20 15:20:39,274 [INFO] PluginManager:217 - loadIPPluginJar : add i2s
2022-11-20 15:20:39,278 [INFO] IPUIPlugin:79 - create IPUIPlugin
2022-11-20 15:20:39,279 [INFO] PluginManager:217 - loadIPPluginJar : add ipddr
2022-11-20 15:20:39,290 [INFO] IPUIPlugin:79 - create IPUIPlugin
2022-11-20 15:20:39,290 [INFO] PluginManager:217 - loadIPPluginJar : add linkedlist
2022-11-20 15:20:39,295 [INFO] IPUIPlugin:79 - create IPUIPlugin
2022-11-20 15:20:39,295 [INFO] PluginManager:217 - loadIPPluginJar : add lorawan
2022-11-20 15:20:39,298 [INFO] IPUIPlugin:79 - create IPUIPlugin
2022-11-20 15:20:39,298 [INFO] PluginManager:217 - loadIPPluginJar : add ltdc
2022-11-20 15:20:39,307 [INFO] IPUIPlugin:79 - create IPUIPlugin
2022-11-20 15:20:39,308 [INFO] PluginManager:217 - loadIPPluginJar : add mdma
2022-11-20 15:20:39,313 [INFO] IPUIPlugin:79 - create IPUIPlugin
2022-11-20 15:20:39,314 [INFO] PluginManager:217 - loadIPPluginJar : add nvic
2022-11-20 15:20:39,318 [INFO] IPUIPlugin:79 - create IPUIPlugin
2022-11-20 15:20:39,319 [INFO] PluginManager:217 - loadIPPluginJar : add opamp
2022-11-20 15:20:39,324 [INFO] IPUIPlugin:79 - create IPUIPlugin
2022-11-20 15:20:39,325 [INFO] PluginManager:217 - loadIPPluginJar : add openamp
2022-11-20 15:20:39,331 [INFO] IPUIPlugin:79 - create IPUIPlugin
2022-11-20 15:20:39,332 [INFO] PluginManager:217 - loadIPPluginJar : add pdm2pcm
2022-11-20 15:20:39,345 [INFO] IPUIPlugin:79 - create IPUIPlugin
2022-11-20 15:20:39,350 [INFO] PluginManager:217 - loadIPPluginJar : add plateformsettings
2022-11-20 15:20:39,353 [INFO] IPUIPlugin:79 - create IPUIPlugin
2022-11-20 15:20:39,353 [INFO] PluginManager:217 - loadIPPluginJar : add quadspi
2022-11-20 15:20:39,360 [INFO] IPUIPlugin:79 - create IPUIPlugin
2022-11-20 15:20:39,361 [INFO] PluginManager:217 - loadIPPluginJar : add resmgrutility
2022-11-20 15:20:39,366 [INFO] IPUIPlugin:79 - create IPUIPlugin
2022-11-20 15:20:39,366 [INFO] PluginManager:217 - loadIPPluginJar : add sai
2022-11-20 15:20:39,371 [INFO] IPUIPlugin:79 - create IPUIPlugin
2022-11-20 15:20:39,372 [INFO] PluginManager:217 - loadIPPluginJar : add spi
2022-11-20 15:20:39,379 [INFO] IPUIPlugin:79 - create IPUIPlugin
2022-11-20 15:20:39,380 [INFO] PluginManager:217 - loadIPPluginJar : add stm32_wpan
2022-11-20 15:20:39,383 [INFO] IPUIPlugin:79 - create IPUIPlugin
2022-11-20 15:20:39,383 [INFO] PluginManager:217 - loadIPPluginJar : add tim
2022-11-20 15:20:39,388 [INFO] IPUIPlugin:79 - create IPUIPlugin
2022-11-20 15:20:39,388 [INFO] PluginManager:217 - loadIPPluginJar : add touchsensing
2022-11-20 15:20:39,392 [INFO] IPUIPlugin:79 - create IPUIPlugin
2022-11-20 15:20:39,393 [INFO] PluginManager:217 - loadIPPluginJar : add tracer_emb
2022-11-20 15:20:39,396 [INFO] IPUIPlugin:79 - create IPUIPlugin
2022-11-20 15:20:39,396 [INFO] PluginManager:217 - loadIPPluginJar : add ts
2022-11-20 15:20:39,400 [INFO] IPUIPlugin:79 - create IPUIPlugin
2022-11-20 15:20:39,401 [INFO] PluginManager:217 - loadIPPluginJar : add tsc
2022-11-20 15:20:39,404 [INFO] IPUIPlugin:79 - create IPUIPlugin
2022-11-20 15:20:39,405 [INFO] PluginManager:217 - loadIPPluginJar : add ucpd
2022-11-20 15:20:39,411 [INFO] IPUIPlugin:79 - create IPUIPlugin
2022-11-20 15:20:39,411 [INFO] PluginManager:217 - loadIPPluginJar : add usart
2022-11-20 15:20:39,418 [INFO] IPUIPlugin:79 - create IPUIPlugin
2022-11-20 15:20:39,418 [INFO] PluginManager:217 - loadIPPluginJar : add usbx
2022-11-20 15:20:39,932 [FATAL] Updater:301 - Updater called before beeing initialized
2022-11-20 15:20:40,119 [FATAL] Updater:301 - Updater called before beeing initialized
2022-11-20 15:20:40,130 [INFO] DbMcusAds:52 - JSON generation date=Thu Sep 30 02:56:37 EDT 2021 (1632984997303)
2022-11-20 15:20:40,131 [FATAL] Updater:301 - Updater called before beeing initialized
2022-11-20 15:20:40,228 [WARN] DetailPanel:344 - Failed to get advertising image, set to default
2022-11-20 15:20:40,451 [FATAL] Updater:301 - Updater called before beeing initialized
2022-11-20 15:20:40,455 [FATAL] Updater:301 - Updater called before beeing initialized
2022-11-20 15:20:40,456 [FATAL] Updater:301 - Updater called before beeing initialized
2022-11-20 15:20:40,456 [WARN] DetailPanel:344 - Failed to get advertising image, set to default
2022-11-20 15:20:40,458 [FATAL] Updater:301 - Updater called before beeing initialized
2022-11-20 15:20:40,550 [ERROR] Updater:1105 - MainUpdater not yet initialized. External WinMGr cannot be set.
2022-11-20 15:20:40,554 [INFO] Updater:1041 - Updater Version found : 6.6.1
2022-11-20 15:20:40,617 [INFO] ApplicationProperties:181 - Using Application install path: C:\ST\STM32CubeIDE_1.10.1\STM32CubeIDE\plugins\com.st.stm32cube.common.mx_6.6.1.202207061420
2022-11-20 15:20:40,927 [INFO] MainUpdater:2768 - connection check result : 10
2022-11-20 15:20:40,929 [INFO] MainUpdater:280 - Updater Check For Update Now.
2022-11-20 15:20:40,929 [INFO] MicroXplorer:481 - Change Database Version : DB.6.0.60
2022-11-20 15:20:41,118 [INFO] CheckServerUpdateThread:119 - End of CheckServer Thread
2022-11-20 15:20:41,155 [INFO] MainUpdater:2768 - connection check result : 10
2022-11-20 15:20:41,159 [INFO] MainUpdater:2768 - connection check result : 10
2022-11-20 15:20:41,251 [INFO] MicroXplorer:451 - Change Database Path : 
2022-11-20 15:20:41,251 [INFO] MicroXplorer:481 - Change Database Version : DB.6.0.60
2022-11-20 15:20:41,252 [WARN] ThirdParty:827 - waiting for thirdparty lock release [close project]
2022-11-20 15:20:41,561 [WARN] PackLoader:242 - Cannot read IP mode file for STMicroelectronics.X-CUBE-GNSS1.6.0.0
2022-11-20 15:20:41,616 [WARN] PackLoader:242 - Cannot read IP mode file for STMicroelectronics.X-CUBE-AZRTOS-F4.1.1.0
2022-11-20 15:20:41,646 [WARN] PackLoader:242 - Cannot read IP mode file for STMicroelectronics.X-CUBE-BLEMGR.1.2.0
2022-11-20 15:20:41,698 [WARN] PackLoader:242 - Cannot read IP mode file for STMicroelectronics.X-CUBE-AZRTOS-F7.1.1.0
2022-11-20 15:20:41,720 [WARN] PackLoader:242 - Cannot read IP mode file for STMicroelectronics.X-CUBE-BLE1.6.2.3
2022-11-20 15:20:41,733 [WARN] PackLoader:242 - Cannot read IP mode file for STMicroelectronics.X-CUBE-NFC4.2.0.5
2022-11-20 15:20:41,742 [WARN] PackLoader:242 - Cannot read IP mode file for STMicroelectronics.X-CUBE-NFC4.2.0.4
2022-11-20 15:20:41,753 [WARN] PackLoader:242 - Cannot read IP mode file for wolfSSL.I-CUBE-wolfSSL.5.5.1
2022-11-20 15:20:41,762 [WARN] PackLoader:242 - Cannot read IP mode file for STMicroelectronics.X-CUBE-NFC7.1.0.0
2022-11-20 15:20:41,844 [WARN] PackLoader:242 - Cannot read IP mode file for STMicroelectronics.X-CUBE-MEMS1.9.3.0
2022-11-20 15:20:42,169 [WARN] PackLoader:242 - Cannot read IP mode file for STMicroelectronics.X-CUBE-SFXS2LP1.4.0.0
2022-11-20 15:20:42,178 [WARN] PackLoader:242 - Cannot read IP mode file for STMicroelectronics.X-CUBE-BLE2.3.3.0
2022-11-20 15:20:42,192 [WARN] PackLoader:242 - Cannot read IP mode file for STMicroelectronics.X-CUBE-DISPLAY.2.2.0
2022-11-20 15:20:42,216 [WARN] PackLoader:242 - Cannot read IP mode file for STMicroelectronics.X-CUBE-TOF1.3.2.0
2022-11-20 15:20:42,231 [WARN] PackLoader:242 - Cannot read IP mode file for STMicroelectronics.X-CUBE-ISPU.1.0.0
2022-11-20 15:20:42,237 [WARN] PackLoader:242 - Cannot read IP mode file for STMicroelectronics.X-CUBE-ISPU.1.1.0
2022-11-20 15:20:42,252 [WARN] PackLoader:242 - Cannot read IP mode file for RoweBots.I-CUBE-UNISONRTOS.5.5.0-4
2022-11-20 15:20:42,284 [WARN] PackLoader:242 - Cannot read IP mode file for STMicroelectronics.X-CUBE-AZRTOS-H7.2.1.0
2022-11-20 15:20:42,298 [WARN] PackLoader:242 - Cannot read IP mode file for STMicroelectronics.X-CUBE-AI.7.3.0
2022-11-20 15:20:42,309 [WARN] PackLoader:242 - Cannot read IP mode file for STMicroelectronics.X-CUBE-ALGOBUILD.1.3.0
2022-11-20 15:20:42,348 [WARN] PackLoader:242 - Cannot read IP mode file for STMicroelectronics.X-CUBE-AZRTOS-G0.1.1.0
2022-11-20 15:20:42,372 [WARN] PackLoader:242 - Cannot read IP mode file for STMicroelectronics.X-CUBE-SUBG2.5.0.0
2022-11-20 15:20:42,437 [WARN] PackLoader:242 - Cannot read IP mode file for SEGGER.I-CUBE-embOS.1.2.1
2022-11-20 15:20:42,544 [WARN] PackLoader:242 - Cannot read IP mode file for STMicroelectronics.FP-ATR-ASTRA1.1.1.1
2022-11-20 15:20:42,565 [WARN] PackLoader:242 - Cannot read IP mode file for STMicroelectronics.X-CUBE-AZRTOS-G4.1.0.0
2022-11-20 15:20:42,574 [WARN] PackLoader:242 - Cannot read IP mode file for STMicroelectronics.FP-ATR-SIGFOX1.3.2.0
2022-11-20 15:20:42,602 [WARN] PackLoader:242 - Cannot read IP mode file for STMicroelectronics.X-CUBE-AZRTOS-L4.1.0.0
2022-11-20 15:20:42,619 [WARN] PackLoader:242 - Cannot read IP mode file for emotas.I-CUBE-CANOPEN.1.1.2
2022-11-20 15:20:42,628 [WARN] PackLoader:242 - Cannot read IP mode file for STMicroelectronics.X-CUBE-TOUCHGFX.4.20.0
2022-11-20 15:20:42,647 [WARN] PackLoader:242 - Cannot read IP mode file for STMicroelectronics.X-CUBE-AZRTOS-WL.1.0.0
2022-11-20 15:20:42,660 [WARN] PackLoader:242 - Cannot read IP mode file for portGmbH.I-Cube-SoM-uGOAL.1.1.0
2022-11-20 15:20:42,669 [WARN] PackLoader:242 - Cannot read IP mode file for STMicroelectronics.X-CUBE-ALS.1.0.1
2022-11-20 15:20:42,695 [WARN] PackLoader:242 - Cannot read IP mode file for STMicroelectronics.X-CUBE-AZRTOS-L5.1.0.0
2022-11-20 15:20:42,710 [WARN] PackLoader:242 - Cannot read IP mode file for STMicroelectronics.X-CUBE-EEPRMA1.3.1.1
2022-11-20 15:20:42,713 [INFO] ThirdParty:929 - Integrity check success = true
2022-11-20 15:20:42,714 [INFO] IntegrityCheckThread:98 - exiting critical section [integrity check]
2022-11-20 15:20:42,714 [INFO] IntegrityCheckThread:101 - End integrity checks thread
2022-11-20 15:20:42,714 [INFO] ThirdParty:829 - entering critical section [close project]
2022-11-20 15:20:42,717 [INFO] ThirdParty:839 - exiting critical section [close project]
2022-11-20 15:20:42,726 [INFO] PinOutPanel:1468 - setPackage(No Configuration,No Configuration)
2022-11-20 15:20:42,738 [INFO] UtilMem:74 - Begin LoadConfig() Used Memory: 185730760 Bytes (268435456)
2022-11-20 15:20:42,741 [INFO] MicroXplorer:451 - Change Database Path : 
2022-11-20 15:20:42,741 [INFO] MicroXplorer:481 - Change Database Version : DB.6.0.60
2022-11-20 15:20:42,741 [INFO] OpenFileManager:307 - Change cursor
2022-11-20 15:20:42,802 [INFO] Mcu:1922 - Initializing MCU STM32F401R(D-E)Tx STM32F401RETx STM32F401RET6
2022-11-20 15:20:44,617 [INFO] Context:654 - Trying to add GPIOservice into a context  which must be forbidden
2022-11-20 15:20:45,217 [WARN] ApiManager:308 - Cannot register API 'Board Extension:GNSS1A1' from pack STMicroelectronics.X-CUBE-GNSS1.6.0.0: no header file found
2022-11-20 15:20:45,218 [WARN] ApiManager:308 - Cannot register API 'Board Support:Custom' from pack STMicroelectronics.X-CUBE-GNSS1.6.0.0: no header file found
2022-11-20 15:20:45,218 [WARN] ApiManager:308 - Cannot register API 'Data Exchange:lib_gnss' from pack STMicroelectronics.X-CUBE-GNSS1.6.0.0: no header file found
2022-11-20 15:20:45,248 [WARN] ApiManager:308 - Cannot register API 'Wireless:BlueNRG-MS' from pack STMicroelectronics.X-CUBE-BLE1.6.2.3: no header file found
2022-11-20 15:20:45,253 [INFO] RtosManager:488 - Registered RTOS mode: class=CMSIS, group=RTOS, mode=CMSIS_V1, owner=FREERTOS
2022-11-20 15:20:45,254 [INFO] RtosManager:488 - Registered RTOS mode: class=CMSIS, group=RTOS2, mode=CMSIS_V2, owner=FREERTOS
2022-11-20 15:20:45,254 [INFO] RtosManager:488 - Registered RTOS mode: class=RTOS, group=Core, mode=CMSIS_V1, owner=FREERTOS
2022-11-20 15:20:45,255 [INFO] RtosManager:488 - Registered RTOS mode: class=RTOS, group=Core, mode=CMSIS_V2, owner=FREERTOS
2022-11-20 15:20:45,255 [WARN] ModelIntegratedComponent:185 - Missing modes for component STMicroelectronics:FreeRTOS:0.0.1:STMicroelectronics:RTOS:FreeRTOS:Core:::10.2.0:
2022-11-20 15:20:45,275 [WARN] ApiManager:308 - Cannot register API 'Board Extension:S2868A1' from pack STMicroelectronics.X-CUBE-SUBG2.5.0.0: no header file found
2022-11-20 15:20:45,276 [WARN] ApiManager:308 - Cannot register API 'Board Extension:S2868A2' from pack STMicroelectronics.X-CUBE-SUBG2.5.0.0: no header file found
2022-11-20 15:20:45,276 [WARN] ApiManager:308 - Cannot register API 'Board Extension:S2915A1' from pack STMicroelectronics.X-CUBE-SUBG2.5.0.0: no header file found
2022-11-20 15:20:45,293 [WARN] ApiManager:308 - Cannot register API 'Board Extension:NFC04A1' from pack STMicroelectronics.X-CUBE-NFC4.2.0.5: no header file found
2022-11-20 15:20:45,295 [WARN] ApiManager:308 - Cannot register API 'Board Extension:NFC04A1' from pack STMicroelectronics.X-CUBE-NFC4.2.0.4: no header file found
2022-11-20 15:20:45,306 [WARN] ModelIntegratedComponent:64 - No mode defined for component null
2022-11-20 15:20:45,306 [WARN] ModelIntegratedComponent:64 - No mode defined for component null
2022-11-20 15:20:45,306 [WARN] ModelIntegratedComponent:64 - No mode defined for component null
2022-11-20 15:20:45,307 [WARN] ModelIntegratedComponent:64 - No mode defined for component null
2022-11-20 15:20:45,307 [WARN] ModelIntegratedComponent:64 - No mode defined for component null
2022-11-20 15:20:45,307 [WARN] ModelIntegratedComponent:64 - No mode defined for component null
2022-11-20 15:20:45,308 [WARN] ModelIntegratedComponent:64 - No mode defined for component null
2022-11-20 15:20:45,308 [WARN] ModelIntegratedComponent:64 - No mode defined for component null
2022-11-20 15:20:45,308 [WARN] ModelIntegratedComponent:64 - No mode defined for component null
2022-11-20 15:20:45,309 [WARN] ModelIntegratedComponent:64 - No mode defined for component null
2022-11-20 15:20:45,309 [WARN] ModelIntegratedComponent:64 - No mode defined for component null
2022-11-20 15:20:45,310 [WARN] ModelIntegratedComponent:64 - No mode defined for component null
2022-11-20 15:20:45,310 [WARN] ModelIntegratedComponent:64 - No mode defined for component null
2022-11-20 15:20:45,310 [WARN] ModelIntegratedComponent:64 - No mode defined for component null
2022-11-20 15:20:45,310 [WARN] ModelIntegratedComponent:64 - No mode defined for component null
2022-11-20 15:20:45,311 [WARN] ModelIntegratedComponent:64 - No mode defined for component null
2022-11-20 15:20:45,311 [WARN] ModelIntegratedComponent:64 - No mode defined for component null
2022-11-20 15:20:45,311 [WARN] ModelIntegratedComponent:64 - No mode defined for component null
2022-11-20 15:20:45,311 [WARN] ModelIntegratedComponent:64 - No mode defined for component null
2022-11-20 15:20:45,312 [WARN] ModelIntegratedComponent:64 - No mode defined for component null
2022-11-20 15:20:45,312 [WARN] ModelIntegratedComponent:64 - No mode defined for component null
2022-11-20 15:20:45,312 [WARN] ModelIntegratedComponent:64 - No mode defined for component null
2022-11-20 15:20:45,313 [WARN] ModelIntegratedComponent:64 - No mode defined for component null
2022-11-20 15:20:45,313 [WARN] ModelIntegratedComponent:64 - No mode defined for component null
2022-11-20 15:20:45,314 [WARN] ModelIntegratedComponent:64 - No mode defined for component null
2022-11-20 15:20:45,314 [WARN] ModelIntegratedComponent:64 - No mode defined for component null
2022-11-20 15:20:45,314 [WARN] ModelIntegratedComponent:64 - No mode defined for component null
2022-11-20 15:20:45,315 [WARN] ModelIntegratedComponent:64 - No mode defined for component null
2022-11-20 15:20:45,315 [WARN] ModelIntegratedComponent:64 - No mode defined for component null
2022-11-20 15:20:45,315 [WARN] ModelIntegratedComponent:64 - No mode defined for component null
2022-11-20 15:20:45,315 [WARN] ModelIntegratedComponent:64 - No mode defined for component null
2022-11-20 15:20:45,316 [WARN] ModelIntegratedComponent:64 - No mode defined for component null
2022-11-20 15:20:45,316 [WARN] ModelIntegratedComponent:64 - No mode defined for component null
2022-11-20 15:20:45,319 [WARN] ApiManager:308 - Cannot register API 'Board Extension:NFC07A1' from pack STMicroelectronics.X-CUBE-NFC7.1.0.0: no header file found
2022-11-20 15:20:45,475 [WARN] ApiManager:308 - Cannot register API 'Board Extension:IKS01A3' from pack STMicroelectronics.X-CUBE-MEMS1.9.3.0: no header file found
2022-11-20 15:20:45,476 [WARN] ApiManager:308 - Cannot register API 'Board Extension:IKS01A2' from pack STMicroelectronics.X-CUBE-MEMS1.9.3.0: no header file found
2022-11-20 15:20:45,476 [WARN] ApiManager:308 - Cannot register API 'Board Extension:IKS02A1' from pack STMicroelectronics.X-CUBE-MEMS1.9.3.0: no header file found
2022-11-20 15:20:45,490 [WARN] ApiManager:308 - Cannot register API 'Board Extension:EEPRMA1' from pack STMicroelectronics.X-CUBE-EEPRMA1.3.1.1: no header file found
2022-11-20 15:20:45,491 [WARN] ApiManager:308 - Cannot register API 'Board Extension:EEPRMA2' from pack STMicroelectronics.X-CUBE-EEPRMA1.3.1.1: no header file found
2022-11-20 15:20:45,492 [WARN] ApiManager:308 - Cannot register API 'Board Extension:S2868A1' from pack STMicroelectronics.X-CUBE-SFXS2LP1.4.0.0: no header file found
2022-11-20 15:20:45,492 [WARN] ApiManager:308 - Cannot register API 'Board Extension:S2868A2' from pack STMicroelectronics.X-CUBE-SFXS2LP1.4.0.0: no header file found
2022-11-20 15:20:45,493 [WARN] ApiManager:308 - Cannot register API 'Board Extension:S2915A1' from pack STMicroelectronics.X-CUBE-SFXS2LP1.4.0.0: no header file found
2022-11-20 15:20:45,494 [WARN] ApiManager:308 - Cannot register API 'Wireless:BlueNRG-2' from pack STMicroelectronics.X-CUBE-BLE2.3.3.0: no header file found
2022-11-20 15:20:45,512 [INFO] ThirdPartyModel:289 - Start build external matchings
2022-11-20 15:20:45,704 [INFO] ThirdPartyModel:302 - End build external matchings
2022-11-20 15:20:45,738 [INFO] ImportTextPane:193 - (OptionalMessage_ERROR) IP (RCC) : Parameter (RTCHSEDivFreq_Value) has invalid value (4000000)
2022-11-20 15:20:46,165 [INFO] UtilMem:74 - End LoadConfig() Used Memory: 161320456 Bytes (268435456)
2022-11-20 15:20:46,313 [INFO] ApiDb:576 - Connected to CubeFinder SQLite database (C:\Users\dani\.stmcufinder\plugins\mcufinder\mcu\cube-finder-db.db)
2022-11-20 15:20:46,370 [INFO] ApiDb:663 - CubeFinder database Data Model version=2.1
2022-11-20 15:20:46,370 [INFO] ApiDb:664 - CubeFinder database Configuration version=3.0.32
2022-11-20 15:20:46,370 [INFO] ApiDb:665 - CubeFinder database generation date=2022-08-05 (1659688109)
2022-11-20 15:20:46,370 [INFO] ApiDb:666 - CubeFinder database FW Pack versions=[STM32Cube_FW_C0_V1.0.0, STM32Cube_FW_F4_V1.27.1, STM32Cube_FW_F7_V1.17.0, STM32Cube_FW_G0_V1.6.1, STM32Cube_FW_G4_V1.5.0, STM32Cube_FW_H7_V1.10.0, STM32Cube_FW_L5_V1.4.0, STM32Cube_FW_U5_V1.1.1, STM32Cube_FW_WB_V1.14.1, STM32Cube_FW_WL_V1.2.0, X-CUBE-ALGOBUILD_V1.3.0, X-CUBE-ALS_V1.0.1, X-CUBE-AZRTOS-F4_V1.1.0, X-CUBE-AZRTOS-F7_V1.1.0, X-CUBE-AZRTOS-G0_V1.1.0, X-CUBE-AZRTOS-G4_V1.0.0, X-CUBE-AZRTOS-H7_V2.1.0, X-CUBE-AZRTOS-L4_V1.0.0, X-CUBE-AZRTOS-L5_V1.0.0, X-CUBE-AZRTOS-WL_V1.0.0, X-CUBE-BLE1_V6.2.3, X-CUBE-BLE2_V3.3.0, X-CUBE-EEPRMA1_V3.1.1, X-CUBE-GNSS1_V6.0.0, X-CUBE-MEMS1_V9.1.0, X-CUBE-MEMS1_V9.3.0, X-CUBE-NFC4_V2.0.4, X-CUBE-NFC7_V1.0.0, X-CUBE-SFXS2LP1_V4.0.0, X-CUBE-SUBG2_V5.0.0]
2022-11-20 15:20:50,077 [INFO] ApiDb:239 - Found 138 in-development CPN: [B-WB1M-WPAN1, NUCLEO-C031C6, STEVAL-STWINBX1, STM320518-EVAL, STM32C0116-DK, STM32C011D6Y3TR, STM32C011D6Y6TR, STM32C011F4P3, STM32C011F4P6, STM32C011F4U3, STM32C011F4U6TR, STM32C011F6P3, STM32C011F6P6, STM32C011F6U3, STM32C011F6U6TR, STM32C011J4M3, STM32C011J4M6, STM32C011J6M3, STM32C011J6M6, STM32C0316-DK, STM32C031C4T3, STM32C031C4T6, STM32C031C4U3, STM32C031C4U6, STM32C031C6T3, STM32C031C6T6, STM32C031C6U3, STM32C031C6U6, STM32C031F4P3, STM32C031F4P6, STM32C031F6P3, STM32C031F6P6, STM32C031G4U3, STM32C031G4U6, STM32C031G6U3, STM32C031G6U6, STM32C031K4T3, STM32C031K4T6, STM32C031K4U3, STM32C031K4U6, STM32C031K6T3, STM32C031K6T6, STM32C031K6U3, STM32C031K6U6, STM32G071K8TXN, STM32G071K8UXN, STM32G081GBU6N, STM32G081KBT6N, STM32G081KBUXN, STM32G0B1CCT6N, STM32G0B1KCT6, STM32G0B1NEY6TR, STM32G0B1RCT6N, STM32G0C1CCT6, STM32G0C1CCT6N, STM32G0C1CCU6N, STM32G0C1CET6N, STM32G0C1CEU6N, STM32G0C1KCT6, STM32G0C1NEY6TR, STM32G0C1RCI6N, STM32G0C1RCT6N, STM32G0C1REI6N, STM32G0C1RET6N, STM32G0C1VCI6, STM32G0C1VEI6, STM32G471CCT6, STM32G471CCU6, STM32G471CET3, STM32G471CET6, STM32G471CEU3, STM32G471CEU6, STM32G471MCT6, STM32G471MET3, STM32G471MET6, STM32G471MEY6TR, STM32G471QCT6, STM32G471QET3, STM32G471RCT6, STM32G471RET3, STM32G471RET6, STM32G471VCH6, STM32G471VCI6, STM32G471VCT6, STM32G471VEH3, STM32G471VEH6, STM32G471VEI3, STM32G471VEI6, STM32G471VET3, STM32G471VET6, STM32G474CCT6, STM32L476VGY6PTR, STM32L4R5QGI6STR, STM32MP131AAE3, STM32MP131AAF3, STM32MP131AAG3, STM32MP131CAE3, STM32MP131CAF3, STM32MP131CAG3, STM32MP131DAE7, STM32MP131DAF7, STM32MP131DAG7, STM32MP131FAE7, STM32MP131FAF7, STM32MP131FAG7, STM32MP133AAE3, STM32MP133AAF3, STM32MP133AAG3, STM32MP133CAE3, STM32MP133CAF3, STM32MP133CAG3, STM32MP133DAE7, STM32MP133DAF7, STM32MP133DAG7, STM32MP133FAE7, STM32MP133FAF7, STM32MP133FAG7, STM32MP135AAE3, STM32MP135AAF3, STM32MP135AAG3, STM32MP135CAE3, STM32MP135CAF3, STM32MP135CAG3, STM32MP135DAE7, STM32MP135DAF7, STM32MP135DAG7, STM32MP135F-DK, STM32MP135FAE7, STM32MP135FAF7, STM32MP135FAG7, STM32U595ZJT6Q, STM32U599BJY6QTR, STM32U599NIH6Q, STM32U599NJH6Q, STM32U5A5ZJT6Q, STM32U5A9BJY6QTR, STM32U5A9NJH6Q, STM32WB1MMCH6]
2022-11-20 15:20:50,082 [INFO] DbMcus:215 - Found 3542 MCUs, 3542 are supported
2022-11-20 15:20:50,087 [INFO] ApiDb:418 - Load user favorites file C:\Users\dani/.stm32cubeide/favorites.mcus.txt: 0 item(s)
2022-11-20 15:20:50,087 [INFO] ApiDb:422 - User favorites MCUs=[]
2022-11-20 15:20:50,087 [INFO] DbMcus:221 - Set 0 / 0 favorites MCUs
2022-11-20 15:20:50,110 [WARN] ThirdParty:789 - waiting for thirdparty lock release [change project]
2022-11-20 15:20:50,111 [INFO] ThirdParty:791 - entering critical section [change project]
2022-11-20 15:20:50,111 [INFO] ThirdParty:981 - CMSIS Pack Vendor :STMicroelectronics X-CUBE-ISPU 1.1.0
2022-11-20 15:20:50,111 [INFO] ThirdParty:981 - CMSIS Pack Vendor :RoweBots I-CUBE-UNISONRTOS 5.5.0-4
2022-11-20 15:20:50,111 [INFO] ThirdParty:981 - CMSIS Pack Vendor :STMicroelectronics X-CUBE-GNSS1 6.0.0
2022-11-20 15:20:50,112 [INFO] ThirdParty:981 - CMSIS Pack Vendor :STMicroelectronics X-CUBE-AZRTOS-H7 2.1.0
2022-11-20 15:20:50,112 [INFO] ThirdParty:981 - CMSIS Pack Vendor :STMicroelectronics USB_HOST 2.0.0
2022-11-20 15:20:50,112 [INFO] ThirdParty:981 - CMSIS Pack Vendor :STMicroelectronics X-CUBE-AZRTOS-F4 1.1.0
2022-11-20 15:20:50,112 [INFO] ThirdParty:981 - CMSIS Pack Vendor :STMicroelectronics LIBJPEG 8.0.0
2022-11-20 15:20:50,112 [INFO] ThirdParty:981 - CMSIS Pack Vendor :STMicroelectronics USB_DEVICE 3.0.0
2022-11-20 15:20:50,112 [INFO] ThirdParty:981 - CMSIS Pack Vendor :STMicroelectronics X-CUBE-BLEMGR 1.2.0
2022-11-20 15:20:50,112 [INFO] ThirdParty:981 - CMSIS Pack Vendor :STMicroelectronics X-CUBE-AZRTOS-F7 1.1.0
2022-11-20 15:20:50,112 [INFO] ThirdParty:981 - CMSIS Pack Vendor :STMicroelectronics USB_DEVICE 2.0.0
2022-11-20 15:20:50,112 [INFO] ThirdParty:981 - CMSIS Pack Vendor :STMicroelectronics X-CUBE-AI 7.3.0
2022-11-20 15:20:50,112 [INFO] ThirdParty:981 - CMSIS Pack Vendor :STMicroelectronics X-CUBE-BLE1 6.2.3
2022-11-20 15:20:50,113 [INFO] ThirdParty:981 - CMSIS Pack Vendor :STMicroelectronics X-CUBE-ALGOBUILD 1.3.0
2022-11-20 15:20:50,113 [INFO] ThirdParty:981 - CMSIS Pack Vendor :STMicroelectronics FreeRTOS 0.0.1
2022-11-20 15:20:50,113 [INFO] ThirdParty:981 - CMSIS Pack Vendor :STMicroelectronics X-CUBE-AZRTOS-G0 1.1.0
2022-11-20 15:20:50,113 [INFO] ThirdParty:981 - CMSIS Pack Vendor :STMicroelectronics X-CUBE-SUBG2 5.0.0
2022-11-20 15:20:50,113 [INFO] ThirdParty:981 - CMSIS Pack Vendor :STMicroelectronics STM32_WPAN 1.0.0
2022-11-20 15:20:50,113 [INFO] ThirdParty:981 - CMSIS Pack Vendor :SEGGER I-CUBE-embOS 1.2.1
2022-11-20 15:20:50,113 [INFO] ThirdParty:981 - CMSIS Pack Vendor :STMicroelectronics lwIP 2.0.3
2022-11-20 15:20:50,114 [INFO] ThirdParty:981 - CMSIS Pack Vendor :STMicroelectronics X-CUBE-NFC4 2.0.5
2022-11-20 15:20:50,114 [INFO] ThirdParty:981 - CMSIS Pack Vendor :STMicroelectronics X-CUBE-NFC4 2.0.4
2022-11-20 15:20:50,114 [INFO] ThirdParty:981 - CMSIS Pack Vendor :STMicroelectronics USB_HOST 1.0.0
2022-11-20 15:20:50,114 [INFO] ThirdParty:981 - CMSIS Pack Vendor :STMicroelectronics PDM2PCM 3.1.0
2022-11-20 15:20:50,114 [INFO] ThirdParty:981 - CMSIS Pack Vendor :STMicroelectronics FP-ATR-ASTRA1 1.1.1
2022-11-20 15:20:50,114 [INFO] ThirdParty:981 - CMSIS Pack Vendor :STMicroelectronics PDM2PCM 3.3.0
2022-11-20 15:20:50,114 [INFO] ThirdParty:981 - CMSIS Pack Vendor :STMicroelectronics X-CUBE-AZRTOS-G4 1.0.0
2022-11-20 15:20:50,114 [INFO] ThirdParty:981 - CMSIS Pack Vendor :STMicroelectronics FP-ATR-SIGFOX1 3.2.0
2022-11-20 15:20:50,114 [INFO] ThirdParty:981 - CMSIS Pack Vendor :STMicroelectronics X-CUBE-AZRTOS-L4 1.0.0
2022-11-20 15:20:50,115 [INFO] ThirdParty:981 - CMSIS Pack Vendor :wolfSSL I-CUBE-wolfSSL 5.5.1
2022-11-20 15:20:50,115 [INFO] ThirdParty:981 - CMSIS Pack Vendor :STMicroelectronics HAL Drivers 0.0.0
2022-11-20 15:20:50,115 [INFO] ThirdParty:981 - CMSIS Pack Vendor :STMicroelectronics MBEDTLS 2.16.2
2022-11-20 15:20:50,115 [INFO] ThirdParty:981 - CMSIS Pack Vendor :emotas I-CUBE-CANOPEN 1.1.2
2022-11-20 15:20:50,115 [INFO] ThirdParty:981 - CMSIS Pack Vendor :STMicroelectronics X-CUBE-TOUCHGFX 4.20.0
2022-11-20 15:20:50,115 [INFO] ThirdParty:981 - CMSIS Pack Vendor :STMicroelectronics MBEDTLS 2.14.1
2022-11-20 15:20:50,115 [INFO] ThirdParty:981 - CMSIS Pack Vendor :STMicroelectronics X-CUBE-NFC7 1.0.0
2022-11-20 15:20:50,115 [INFO] ThirdParty:981 - CMSIS Pack Vendor :STMicroelectronics X-CUBE-AZRTOS-WL 1.0.0
2022-11-20 15:20:50,116 [INFO] ThirdParty:981 - CMSIS Pack Vendor :STMicroelectronics X-CUBE-MEMS1 9.3.0
2022-11-20 15:20:50,116 [INFO] ThirdParty:981 - CMSIS Pack Vendor :portGmbH I-Cube-SoM-uGOAL 1.1.0
2022-11-20 15:20:50,116 [INFO] ThirdParty:981 - CMSIS Pack Vendor :STMicroelectronics X-CUBE-ALS 1.0.1
2022-11-20 15:20:50,116 [INFO] ThirdParty:981 - CMSIS Pack Vendor :STMicroelectronics ThreadX 1.0.0
2022-11-20 15:20:50,116 [INFO] ThirdParty:981 - CMSIS Pack Vendor :STMicroelectronics X-CUBE-AZRTOS-L5 1.0.0
2022-11-20 15:20:50,116 [INFO] ThirdParty:981 - CMSIS Pack Vendor :STMicroelectronics USB_DEVICE 1.0.0
2022-11-20 15:20:50,116 [INFO] ThirdParty:981 - CMSIS Pack Vendor :STMicroelectronics X-CUBE-EEPRMA1 3.1.1
2022-11-20 15:20:50,116 [INFO] ThirdParty:981 - CMSIS Pack Vendor :STMicroelectronics ThreadX 0.0.2
2022-11-20 15:20:50,116 [INFO] ThirdParty:981 - CMSIS Pack Vendor :STMicroelectronics lwIP 2.1.2
2022-11-20 15:20:50,117 [INFO] ThirdParty:981 - CMSIS Pack Vendor :STMicroelectronics X-CUBE-SFXS2LP1 4.0.0
2022-11-20 15:20:50,117 [INFO] ThirdParty:981 - CMSIS Pack Vendor :STMicroelectronics X-CUBE-BLE2 3.3.0
2022-11-20 15:20:50,117 [INFO] ThirdParty:981 - CMSIS Pack Vendor :STMicroelectronics X-CUBE-DISPLAY 2.2.0
2022-11-20 15:20:50,117 [INFO] ThirdParty:981 - CMSIS Pack Vendor :STMicroelectronics X-CUBE-TOF1 3.2.0
2022-11-20 15:20:50,117 [INFO] ThirdParty:981 - CMSIS Pack Vendor :STMicroelectronics PDM2PCM 3.2.0
2022-11-20 15:20:50,117 [INFO] ThirdParty:981 - CMSIS Pack Vendor :STMicroelectronics X-CUBE-ISPU 1.0.0
2022-11-20 15:20:50,117 [INFO] ThirdParty:797 - exiting critical section [change project]
2022-11-20 15:20:50,744 [INFO] PinOutPanel:1468 - setPackage(No Configuration,No Configuration)
2022-11-20 15:20:50,746 [INFO] PinOutPanel:1468 - setPackage(STM32F401RETx,LQFP64)
2022-11-20 15:20:51,885 [INFO] UtilMem:74 - Before build in PCC Used Memory: 206249160 Bytes (268435456)
2022-11-20 15:20:52,279 [ERROR] LogOutputStream:74 - [STDERR_REDIRECT] SLF4J: Failed to load class "org.slf4j.impl.StaticLoggerBinder".
2022-11-20 15:20:52,282 [ERROR] LogOutputStream:74 - [STDERR_REDIRECT] SLF4J: Defaulting to no-operation (NOP) logger implementation
2022-11-20 15:20:52,284 [ERROR] LogOutputStream:74 - [STDERR_REDIRECT] SLF4J: See http://www.slf4j.org/codes.html#StaticLoggerBinder for further details.
2022-11-20 15:20:53,282 [INFO] UtilMem:74 - After build in PCC Used Memory: 162391568 Bytes (268435456)
2022-11-20 15:20:53,359 [INFO] IPUIPlugin:79 - create IPUIPlugin
2022-11-20 15:20:53,360 [INFO] IPUIPlugin:79 - create IPUIPlugin
2022-11-20 15:20:53,360 [INFO] IPUIPlugin:79 - create IPUIPlugin
2022-11-20 15:20:53,361 [INFO] IPUIPlugin:79 - create IPUIPlugin
2022-11-20 15:20:53,361 [INFO] IPUIPlugin:79 - create IPUIPlugin
2022-11-20 15:20:53,361 [INFO] IPUIPlugin:79 - create IPUIPlugin
2022-11-20 15:20:53,362 [INFO] IPUIPlugin:79 - create IPUIPlugin
2022-11-20 15:20:53,362 [INFO] IPUIPlugin:79 - create IPUIPlugin
2022-11-20 15:20:53,362 [INFO] IPUIPlugin:79 - create IPUIPlugin
2022-11-20 15:20:53,363 [INFO] IPUIPlugin:79 - create IPUIPlugin
2022-11-20 15:20:53,363 [INFO] IPUIPlugin:79 - create IPUIPlugin
2022-11-20 15:20:53,363 [INFO] IPUIPlugin:79 - create IPUIPlugin
2022-11-20 15:20:53,364 [INFO] IPUIPlugin:79 - create IPUIPlugin
2022-11-20 15:20:53,364 [INFO] IPUIPlugin:79 - create IPUIPlugin
2022-11-20 15:20:53,365 [INFO] IPUIPlugin:79 - create IPUIPlugin
2022-11-20 15:20:53,365 [INFO] IPUIPlugin:79 - create IPUIPlugin
2022-11-20 15:20:53,366 [INFO] IPUIPlugin:79 - create IPUIPlugin
2022-11-20 15:20:53,366 [INFO] IPUIPlugin:79 - create IPUIPlugin
2022-11-20 15:20:53,367 [INFO] IPUIPlugin:79 - create IPUIPlugin
2022-11-20 15:20:53,368 [INFO] IPUIPlugin:79 - create IPUIPlugin
2022-11-20 15:20:53,368 [INFO] IPUIPlugin:79 - create IPUIPlugin
2022-11-20 15:20:53,369 [INFO] IPUIPlugin:79 - create IPUIPlugin
2022-11-20 15:20:53,369 [INFO] IPUIPlugin:79 - create IPUIPlugin
2022-11-20 15:20:53,370 [INFO] IPUIPlugin:79 - create IPUIPlugin
2022-11-20 15:20:53,371 [INFO] IPUIPlugin:79 - create IPUIPlugin
2022-11-20 15:20:53,371 [INFO] IPUIPlugin:79 - create IPUIPlugin
2022-11-20 15:20:53,371 [INFO] IPUIPlugin:79 - create IPUIPlugin
2022-11-20 15:20:53,372 [INFO] IPUIPlugin:79 - create IPUIPlugin
2022-11-20 15:20:53,373 [INFO] IPUIPlugin:79 - create IPUIPlugin
2022-11-20 15:20:53,373 [INFO] IPUIPlugin:79 - create IPUIPlugin
2022-11-20 15:20:53,374 [INFO] IPUIPlugin:79 - create IPUIPlugin
2022-11-20 15:20:53,374 [INFO] IPUIPlugin:79 - create IPUIPlugin
2022-11-20 15:20:53,375 [INFO] IPUIPlugin:79 - create IPUIPlugin
2022-11-20 15:20:53,376 [INFO] IPUIPlugin:79 - create IPUIPlugin
2022-11-20 15:20:53,376 [INFO] IPUIPlugin:79 - create IPUIPlugin
2022-11-20 15:20:53,376 [INFO] IPUIPlugin:79 - create IPUIPlugin
2022-11-20 15:20:53,377 [INFO] IPUIPlugin:79 - create IPUIPlugin
2022-11-20 15:20:53,377 [INFO] IPUIPlugin:79 - create IPUIPlugin
2022-11-20 15:20:53,478 [INFO] ApiDbMcu:505 - Load IP Config File for PDM2PCM
2022-11-20 15:20:53,852 [INFO] OpenFileManager:327 - Restore cursor
2022-11-20 15:24:50,905 [INFO] UtilMem:74 - End SaveConfig() Used Memory: 463617552 Bytes (532676608)
2022-11-20 15:24:54,315 [INFO] UtilMem:74 - End SaveConfig() Used Memory: 439850688 Bytes (532676608)
2022-11-20 15:24:57,683 [INFO] UtilMem:74 - End SaveConfig() Used Memory: 470046624 Bytes (532676608)
2022-11-20 15:24:58,808 [INFO] BlockDiagram:2753 - set Specific Code input for plugin: NVIC
2022-11-20 15:24:58,809 [INFO] BlockDiagram:2753 - set Specific Code input for plugin: USART
2022-11-20 15:24:58,809 [INFO] BlockDiagram:2753 - set Specific Code input for plugin: TIM1_8
2022-11-20 15:24:58,810 [INFO] BlockDiagram:2753 - set Specific Code input for plugin: SYS
2022-11-20 15:24:58,810 [INFO] BlockDiagram:2753 - set Specific Code input for plugin: GPIO
2022-11-20 15:24:58,811 [INFO] BlockDiagram:2753 - set Specific Code input for plugin: RCC
2022-11-20 15:24:58,814 [INFO] CodeGenerator:690 - code generatio: config db path: C:\ST\STM32CubeIDE_1.10.1\STM32CubeIDE\plugins\com.st.stm32cube.common.mx_6.6.1.202207061420\\db\
2022-11-20 15:24:59,311 [INFO] CodeEngine:245 - oldGeneratedFile, C:\Users\dani\Coding\ECE198\ECE-198-ASPV\new_ASVP\MXTmpFiles\license.tmp_save
2022-11-20 15:24:59,989 [INFO] CodeEngine:269 - Generated code: C:\Users\dani\Coding\ECE198\ECE-198-ASPV\new_ASVP\MXTmpFiles\license.tmp
2022-11-20 15:25:00,078 [INFO] CodeEngine:245 - oldGeneratedFile, C:\Users\dani\Coding\ECE198\ECE-198-ASPV\new_ASVP\MXTmpFiles\gpio.tmp_save
2022-11-20 15:25:00,279 [INFO] CodeEngine:269 - Generated code: C:\Users\dani\Coding\ECE198\ECE-198-ASPV\new_ASVP\MXTmpFiles\gpio.tmp
2022-11-20 15:25:00,551 [INFO] CodeEngine:245 - oldGeneratedFile, C:\Users\dani\Coding\ECE198\ECE-198-ASPV\new_ASVP\Core\Src\stm32f4xx_it.c_save
2022-11-20 15:25:00,823 [INFO] CodeEngine:269 - Generated code: C:\Users\dani\Coding\ECE198\ECE-198-ASPV\new_ASVP\Core\Src\stm32f4xx_it.c
2022-11-20 15:25:00,875 [INFO] CodeEngine:245 - oldGeneratedFile, C:\Users\dani\Coding\ECE198\ECE-198-ASPV\new_ASVP\Core\Inc\stm32f4xx_it.h_save
2022-11-20 15:25:01,048 [INFO] CodeEngine:269 - Generated code: C:\Users\dani\Coding\ECE198\ECE-198-ASPV\new_ASVP\Core\Inc\stm32f4xx_it.h
2022-11-20 15:25:01,083 [INFO] CodeEngine:245 - oldGeneratedFile, C:\Users\dani\Coding\ECE198\ECE-198-ASPV\new_ASVP\Core\Src\stm32f4xx_hal_msp.c_save
2022-11-20 15:25:01,408 [INFO] CodeEngine:269 - Generated code: C:\Users\dani\Coding\ECE198\ECE-198-ASPV\new_ASVP\Core\Src\stm32f4xx_hal_msp.c
2022-11-20 15:25:01,457 [INFO] CodeEngine:245 - oldGeneratedFile, C:\Users\dani\Coding\ECE198\ECE-198-ASPV\new_ASVP\MXTmpFiles\system.tmp_save
2022-11-20 15:25:01,583 [INFO] CodeEngine:269 - Generated code: C:\Users\dani\Coding\ECE198\ECE-198-ASPV\new_ASVP\MXTmpFiles\system.tmp
2022-11-20 15:25:01,641 [INFO] CodeEngine:245 - oldGeneratedFile, C:\Users\dani\Coding\ECE198\ECE-198-ASPV\new_ASVP\Core\Inc\stm32f4xx_hal_conf.h_save
2022-11-20 15:25:01,829 [INFO] CodeEngine:269 - Generated code: C:\Users\dani\Coding\ECE198\ECE-198-ASPV\new_ASVP\Core\Inc\stm32f4xx_hal_conf.h
2022-11-20 15:25:01,887 [WARN] IPConfigManager:3348 - IP not found : TIM
2022-11-20 15:25:01,890 [WARN] CodeGenerator:3567 - IP not found : null
2022-11-20 15:25:01,904 [INFO] CodeEngine:245 - oldGeneratedFile, C:\Users\dani\Coding\ECE198\ECE-198-ASPV\new_ASVP\Core\Inc\main.h_save
2022-11-20 15:25:02,040 [INFO] CodeEngine:269 - Generated code: C:\Users\dani\Coding\ECE198\ECE-198-ASPV\new_ASVP\Core\Inc\main.h
2022-11-20 15:25:02,089 [INFO] CodeEngine:245 - oldGeneratedFile, C:\Users\dani\Coding\ECE198\ECE-198-ASPV\new_ASVP\Core\Src\main.c_save
2022-11-20 15:25:02,342 [INFO] CodeEngine:269 - Generated code: C:\Users\dani\Coding\ECE198\ECE-198-ASPV\new_ASVP\Core\Src\main.c
2022-11-20 15:25:03,761 [INFO] ProjectBuilder:2919 - Time for Copy HAL[1] : 492mS.
2022-11-20 15:25:03,782 [INFO] ProjectBuilder:4117 - Project Generator version: 3.17.1
2022-11-20 15:25:04,325 [INFO] ConfigFileManager:1394 - The Die is : DIE433
2022-11-20 15:25:04,376 [INFO] ApiDbMcu:505 - Load IP Config File for FATFS
2022-11-20 15:25:04,386 [INFO] ApiDbMcu:505 - Load IP Config File for FREERTOS
2022-11-20 15:25:04,391 [INFO] ApiDbMcu:505 - Load IP Config File for LIBJPEG
2022-11-20 15:25:04,400 [INFO] ApiDbMcu:505 - Load IP Config File for MBEDTLS
2022-11-20 15:25:04,413 [INFO] ApiDbMcu:505 - Load IP Config File for USB_DEVICE
2022-11-20 15:25:04,420 [INFO] ApiDbMcu:505 - Load IP Config File for USB_HOST
2022-11-20 15:25:07,329 [INFO] ProjectBuilder:4285 - Time for Generating toolchain IDE Files: 3547mS.
2022-11-20 15:25:07,331 [INFO] ProjectBuilder:2790 - Time for Copy CMSIS : 1mS.
2022-11-20 15:25:07,336 [INFO] ProjectBuilder:2790 - Time for Copy CMSIS : 0mS.
